#
# There is insufficient memory for the Java Runtime Environment to continue.
# Native memory allocation (mmap) failed to map 224395264 bytes for committing reserved memory.
# Possible reasons:
#   The system is out of physical RAM or swap space
#   In 32 bit mode, the process size limit was hit
# Possible solutions:
#   Reduce memory load on the system
#   Increase physical memory or swap space
#   Check if swap backing store is full
#   Use 64 bit Java on a 64 bit OS
#   Decrease Java heap size (-Xmx/-Xms)
#   Decrease number of Java threads
#   Decrease Java thread stack sizes (-Xss)
#   Set larger code cache with -XX:ReservedCodeCacheSize=
# This output file may be truncated or incomplete.
#
#  Out of Memory Error (os_linux.cpp:2627), pid=25773, tid=140081340811008
#
# JRE version: Java(TM) SE Runtime Environment (8.0_91-b14) (build 1.8.0_91-b14)
# Java VM: Java HotSpot(TM) 64-Bit Server VM (25.91-b14 mixed mode linux-amd64 compressed oops)
# Failed to write core dump. Core dumps have been disabled. To enable core dumping, try "ulimit -c unlimited" before starting Java again
#

---------------  T H R E A D  ---------------

Current thread (0x00007f6754077800):  VMThread [stack: 0x00007f673a7f0000,0x00007f673a8f1000] [id=25781]

Stack: [0x00007f673a7f0000,0x00007f673a8f1000],  sp=0x00007f673a8ef320,  free space=1020k
Native frames: (J=compiled Java code, j=interpreted, Vv=VM code, C=native code)
V  [libjvm.so+0xabc18a]  VMError::report_and_die()+0x2ba
V  [libjvm.so+0x4fafeb]  report_vm_out_of_memory(char const*, int, unsigned long, VMErrorType, char const*)+0x8b
V  [libjvm.so+0x91cbb3]  os::Linux::commit_memory_impl(char*, unsigned long, bool)+0x103
V  [libjvm.so+0x91d109]  os::pd_commit_memory(char*, unsigned long, unsigned long, bool)+0x29
V  [libjvm.so+0x91740a]  os::commit_memory(char*, unsigned long, unsigned long, bool)+0x2a
V  [libjvm.so+0x98b033]  PSVirtualSpace::expand_by(unsigned long)+0x53
V  [libjvm.so+0x97b920]  PSOldGen::expand(unsigned long)+0x170
V  [libjvm.so+0x97bb2b]  PSOldGen::resize(unsigned long)+0x1cb
V  [libjvm.so+0x983801]  PSParallelCompact::invoke_no_policy(bool)+0x991
V  [libjvm.so+0x98915d]  PSScavenge::invoke()+0x1ad
V  [libjvm.so+0x9408b0]  ParallelScavengeHeap::failed_mem_allocate(unsigned long)+0x70
V  [libjvm.so+0xabdba7]  VM_ParallelGCFailedAllocation::doit()+0x97
V  [libjvm.so+0xac55d5]  VM_Operation::evaluate()+0x55
V  [libjvm.so+0xac39aa]  VMThread::evaluate_operation(VM_Operation*)+0xba
V  [libjvm.so+0xac3d2e]  VMThread::loop()+0x1ce
V  [libjvm.so+0xac41a0]  VMThread::run()+0x70
V  [libjvm.so+0x91ef78]  java_start(Thread*)+0x108

VM_Operation (0x00007f67317e90c0): ParallelGCFailedAllocation, mode: safepoint, requested by thread 0x00007f66d8004000


---------------  P R O C E S S  ---------------

Java Threads: ( => current thread )
  0x00007f66c002c000 JavaThread "pool-211-thread-4" [_thread_blocked, id=26304, stack(0x00007f66d3bfc000,0x00007f66d3cfd000)]
  0x00007f66c003b000 JavaThread "pool-211-thread-3" [_thread_blocked, id=26303, stack(0x00007f67302ac000,0x00007f67303ad000)]
  0x00007f66c0031000 JavaThread "pool-211-thread-2" [_thread_blocked, id=26302, stack(0x00007f66d3dfe000,0x00007f66d3eff000)]
  0x00007f66c0030000 JavaThread "pool-212-thread-1" [_thread_blocked, id=26298, stack(0x00007f6730cb6000,0x00007f6730db7000)]
  0x00007f66c005a800 JavaThread "pool-211-thread-1" [_thread_blocked, id=26297, stack(0x00007f6730db7000,0x00007f6730eb8000)]
  0x00007f66c4001000 JavaThread "pool-2-thread-4" [_thread_blocked, id=25864, stack(0x00007f67312ba000,0x00007f67313bb000)]
  0x00007f66bc001000 JavaThread "pool-2-thread-3" [_thread_blocked, id=25863, stack(0x00007f67313bb000,0x00007f67314bc000)]
  0x00007f66d8004000 JavaThread "pool-2-thread-2" [_thread_blocked, id=25862, stack(0x00007f67316eb000,0x00007f67317ec000)]
  0x00007f66c800b000 JavaThread "pool-2-thread-1" [_thread_blocked, id=25861, stack(0x00007f6731eef000,0x00007f6731ff0000)]
  0x00007f66ec703000 JavaThread "pool-1-thread-4" [_thread_blocked, id=25860, stack(0x00007f6731ced000,0x00007f6731dee000)]
  0x00007f66ec5a9800 JavaThread "pool-1-thread-3" [_thread_blocked, id=25859, stack(0x00007f6731dee000,0x00007f6731eef000)]
  0x00007f66ec2b1000 JavaThread "pool-1-thread-2" [_thread_blocked, id=25858, stack(0x00007f6731bec000,0x00007f6731ced000)]
  0x00007f66ec7e3800 JavaThread "pool-1-thread-1" [_thread_blocked, id=25857, stack(0x00007f6731ff0000,0x00007f67320f1000)]
  0x00007f66ed163800 JavaThread "Task worker Thread 3" [_thread_blocked, id=25808, stack(0x00007f67322f1000,0x00007f67323f2000)]
  0x00007f66ed166000 JavaThread "Task worker Thread 2" [_thread_blocked, id=25807, stack(0x00007f67323f2000,0x00007f67324f3000)]
  0x00007f66ed160000 JavaThread "Task worker" [_thread_blocked, id=25806, stack(0x00007f67324f3000,0x00007f67325f4000)]
  0x00007f66ecbfc800 JavaThread "File lock request listener" [_thread_in_native, id=25800, stack(0x00007f6733854000,0x00007f6733955000)]
  0x00007f66ecb1e000 JavaThread "process reaper" daemon [_thread_blocked, id=25799, stack(0x00007f673806b000,0x00007f67380a4000)]
  0x00007f670000c000 JavaThread "Daemon worker" [_thread_blocked, id=25794, stack(0x00007f673881f000,0x00007f6738920000)]
  0x00007f6700009000 JavaThread "Cancel handler" [_thread_blocked, id=25793, stack(0x00007f6738920000,0x00007f6738a21000)]
  0x00007f6700003800 JavaThread "Handler for socket connection from /127.0.0.1:42353 to /127.0.0.1:42458" [_thread_in_native, id=25792, stack(0x00007f6738a21000,0x00007f6738b22000)]
  0x00007f66fc014000 JavaThread "Daemon" [_thread_blocked, id=25791, stack(0x00007f6738b22000,0x00007f6738c23000)]
  0x00007f6754b06000 JavaThread "Incoming local TCP Connector on port 42353" [_thread_in_native, id=25790, stack(0x00007f6738e23000,0x00007f6738f24000)]
  0x00007f67540c4000 JavaThread "Service Thread" daemon [_thread_blocked, id=25788, stack(0x00007f6739fb9000,0x00007f673a0ba000)]
  0x00007f67540c1000 JavaThread "C1 CompilerThread2" daemon [_thread_blocked, id=25787, stack(0x00007f673a0ba000,0x00007f673a1bb000)]
  0x00007f67540bf000 JavaThread "C2 CompilerThread1" daemon [_thread_blocked, id=25786, stack(0x00007f673a1bb000,0x00007f673a2bc000)]
  0x00007f67540bc000 JavaThread "C2 CompilerThread0" daemon [_thread_blocked, id=25785, stack(0x00007f673a2bc000,0x00007f673a3bd000)]
  0x00007f67540bb000 JavaThread "Signal Dispatcher" daemon [_thread_blocked, id=25784, stack(0x00007f673a3bd000,0x00007f673a4be000)]
  0x00007f6754084000 JavaThread "Finalizer" daemon [_thread_blocked, id=25783, stack(0x00007f673a5ee000,0x00007f673a6ef000)]
  0x00007f675407f800 JavaThread "Reference Handler" daemon [_thread_blocked, id=25782, stack(0x00007f673a6ef000,0x00007f673a7f0000)]
  0x00007f675400a000 JavaThread "main" [_thread_blocked, id=25776, stack(0x00007f675b451000,0x00007f675b552000)]

Other Threads:
=>0x00007f6754077800 VMThread [stack: 0x00007f673a7f0000,0x00007f673a8f1000] [id=25781]
  0x00007f67540c6800 WatcherThread [stack: 0x00007f6739eb8000,0x00007f6739fb9000] [id=25789]

VM state:at safepoint (normal execution)

VM Mutex/Monitor currently owned by a thread:  ([mutex/lock_event])
[0x00007f6754005bc0] ExpandHeap_lock - owner thread: 0x00007f6754077800
[0x00007f6754006240] Threads_lock - owner thread: 0x00007f6754077800
[0x00007f6754006740] Heap_lock - owner thread: 0x00007f66d8004000

Heap:
 PSYoungGen      total 467456K, used 6035K [0x00000000d5580000, 0x0000000100000000, 0x0000000100000000)
  eden space 386560K, 0% used [0x00000000d5580000,0x00000000d5580000,0x00000000ecf00000)
  from space 80896K, 7% used [0x00000000fb100000,0x00000000fb6e4c98,0x0000000100000000)
  to   space 156160K, 0% used [0x00000000ecf00000,0x00000000ecf00000,0x00000000f6780000)
 ParOldGen       total 317440K, used 317424K [0x0000000080000000, 0x0000000093600000, 0x00000000d5580000)
  object space 317440K, 99% used [0x0000000080000000,0x00000000935fc3f0,0x0000000093600000)
 Metaspace       used 56635K, capacity 57742K, committed 57984K, reserved 1099776K
  class space    used 7398K, capacity 7691K, committed 7808K, reserved 1048576K

Card table byte_map: [0x00007f6744bff000,0x00007f6745000000] byte_map_base: 0x00007f67447ff000

Marking Bits: (ParMarkBitMap*) 0x00007f675a953d60
 Begin Bits: [0x00007f6740752000, 0x00007f6742752000)
 End Bits:   [0x00007f6742752000, 0x00007f6744752000)

Polling page: 0x00007f675b579000

CodeCache: size=245760Kb used=34727Kb max_used=34777Kb free=211032Kb
 bounds [0x00007f6745000000, 0x00007f6747230000, 0x00007f6754000000]
 total_blobs=10500 nmethods=9775 adapters=637
 compilation: enabled

Compilation events (10 events):
Event: 64.781 Thread 0x00007f67540c1000 12793       1       com.android.dx.cf.attrib.BaseAnnotations::byteLength (8 bytes)
Event: 64.781 Thread 0x00007f67540c1000 nmethod 12793 0x00007f67471d9210 code [0x00007f67471d9360, 0x00007f67471d9470]
Event: 64.893 Thread 0x00007f67540bc000 nmethod 12715% 0x00007f6747218150 code [0x00007f67472184a0, 0x00007f674721aa38]
Event: 64.893 Thread 0x00007f67540bc000 12514       4       com.android.dx.ssa.back.SsaToRop::convertBasicBlocks (151 bytes)
Event: 65.526 Thread 0x00007f67540bc000 nmethod 12514 0x00007f6747222790 code [0x00007f6747222bc0, 0x00007f6747226528]
Event: 65.528 Thread 0x00007f67540bc000 12794 %     4       com.android.dx.ssa.back.IdenticalBlockCombiner::process @ 253 (323 bytes)
Event: 65.683 Thread 0x00007f67540bc000 nmethod 12794% 0x00007f6747220950 code [0x00007f6747220b40, 0x00007f67472219b8]
Event: 65.684 Thread 0x00007f67540bc000 12653       4       com.android.dx.ssa.SsaConverter::edgeSplitPredecessors (44 bytes)
Event: 65.712 Thread 0x00007f67540bc000 nmethod 12653 0x00007f674721d750 code [0x00007f674721d960, 0x00007f674721e0a0]
Event: 65.713 Thread 0x00007f67540bc000 12462       4       com.android.dx.cf.code.Ropper::addExceptionSetupBlocks (203 bytes)

GC Heap History (10 events):
Event: 59.512 GC heap after
Heap after GC invocations=45 (full 6):
 PSYoungGen      total 557056K, used 51774K [0x00000000d5580000, 0x00000000fff80000, 0x0000000100000000)
  eden space 483328K, 0% used [0x00000000d5580000,0x00000000d5580000,0x00000000f2d80000)
  from space 73728K, 70% used [0x00000000f2d80000,0x00000000f600fa78,0x00000000f7580000)
  to   space 76288K, 0% used [0x00000000fb500000,0x00000000fb500000,0x00000000fff80000)
 ParOldGen       total 336896K, used 282444K [0x0000000080000000, 0x0000000094900000, 0x00000000d5580000)
  object space 336896K, 83% used [0x0000000080000000,0x00000000913d3190,0x0000000094900000)
 Metaspace       used 56627K, capacity 57742K, committed 57984K, reserved 1099776K
  class space    used 7398K, capacity 7691K, committed 7808K, reserved 1048576K
}
Event: 60.661 GC heap before
{Heap before GC invocations=46 (full 6):
 PSYoungGen      total 557056K, used 535102K [0x00000000d5580000, 0x00000000fff80000, 0x0000000100000000)
  eden space 483328K, 100% used [0x00000000d5580000,0x00000000f2d80000,0x00000000f2d80000)
  from space 73728K, 70% used [0x00000000f2d80000,0x00000000f600fa78,0x00000000f7580000)
  to   space 76288K, 0% used [0x00000000fb500000,0x00000000fb500000,0x00000000fff80000)
 ParOldGen       total 336896K, used 282445K [0x0000000080000000, 0x0000000094900000, 0x00000000d5580000)
  object space 336896K, 83% used [0x0000000080000000,0x00000000913d36f8,0x0000000094900000)
 Metaspace       used 56630K, capacity 57742K, committed 57984K, reserved 1099776K
  class space    used 7398K, capacity 7691K, committed 7808K, reserved 1048576K
Event: 60.812 GC heap after
Heap after GC invocations=46 (full 6):
 PSYoungGen      total 618496K, used 52467K [0x00000000d5580000, 0x0000000100000000, 0x0000000100000000)
  eden space 542208K, 0% used [0x00000000d5580000,0x00000000d5580000,0x00000000f6700000)
  from space 76288K, 68% used [0x00000000fb500000,0x00000000fe83cc18,0x00000000fff80000)
  to   space 78336K, 0% used [0x00000000f6700000,0x00000000f6700000,0x00000000fb380000)
 ParOldGen       total 336896K, used 307025K [0x0000000080000000, 0x0000000094900000, 0x00000000d5580000)
  object space 336896K, 91% used [0x0000000080000000,0x0000000092bd4538,0x0000000094900000)
 Metaspace       used 56630K, capacity 57742K, committed 57984K, reserved 1099776K
  class space    used 7398K, capacity 7691K, committed 7808K, reserved 1048576K
}
Event: 60.812 GC heap before
{Heap before GC invocations=47 (full 7):
 PSYoungGen      total 618496K, used 52467K [0x00000000d5580000, 0x0000000100000000, 0x0000000100000000)
  eden space 542208K, 0% used [0x00000000d5580000,0x00000000d5580000,0x00000000f6700000)
  from space 76288K, 68% used [0x00000000fb500000,0x00000000fe83cc18,0x00000000fff80000)
  to   space 78336K, 0% used [0x00000000f6700000,0x00000000f6700000,0x00000000fb380000)
 ParOldGen       total 336896K, used 307025K [0x0000000080000000, 0x0000000094900000, 0x00000000d5580000)
  object space 336896K, 91% used [0x0000000080000000,0x0000000092bd4538,0x0000000094900000)
 Metaspace       used 56630K, capacity 57742K, committed 57984K, reserved 1099776K
  class space    used 7398K, capacity 7691K, committed 7808K, reserved 1048576K
Event: 62.455 GC heap after
Heap after GC invocations=47 (full 7):
 PSYoungGen      total 618496K, used 0K [0x00000000d5580000, 0x0000000100000000, 0x0000000100000000)
  eden space 542208K, 0% used [0x00000000d5580000,0x00000000d5580000,0x00000000f6700000)
  from space 76288K, 0% used [0x00000000fb500000,0x00000000fb500000,0x00000000fff80000)
  to   space 78336K, 0% used [0x00000000f6700000,0x00000000f6700000,0x00000000fb380000)
 ParOldGen       total 311808K, used 159906K [0x0000000080000000, 0x0000000093080000, 0x00000000d5580000)
  object space 311808K, 51% used [0x0000000080000000,0x0000000089c28b38,0x0000000093080000)
 Metaspace       used 56630K, capacity 57742K, committed 57984K, reserved 1099776K
  class space    used 7398K, capacity 7691K, committed 7808K, reserved 1048576K
}
Event: 63.997 GC heap before
{Heap before GC invocations=48 (full 7):
 PSYoungGen      total 618496K, used 542208K [0x00000000d5580000, 0x0000000100000000, 0x0000000100000000)
  eden space 542208K, 100% used [0x00000000d5580000,0x00000000f6700000,0x00000000f6700000)
  from space 76288K, 0% used [0x00000000fb500000,0x00000000fb500000,0x00000000fff80000)
  to   space 78336K, 0% used [0x00000000f6700000,0x00000000f6700000,0x00000000fb380000)
 ParOldGen       total 311808K, used 159906K [0x0000000080000000, 0x0000000093080000, 0x00000000d5580000)
  object space 311808K, 51% used [0x0000000080000000,0x0000000089c28b38,0x0000000093080000)
 Metaspace       used 56635K, capacity 57742K, committed 57984K, reserved 1099776K
  class space    used 7398K, capacity 7691K, committed 7808K, reserved 1048576K
Event: 64.097 GC heap after
Heap after GC invocations=48 (full 7):
 PSYoungGen      total 617984K, used 75671K [0x00000000d5580000, 0x0000000100000000, 0x0000000100000000)
  eden space 542208K, 0% used [0x00000000d5580000,0x00000000d5580000,0x00000000f6700000)
  from space 75776K, 99% used [0x00000000f6700000,0x00000000fb0e5d18,0x00000000fb100000)
  to   space 80896K, 0% used [0x00000000fb100000,0x00000000fb100000,0x0000000100000000)
 ParOldGen       total 311808K, used 159914K [0x0000000080000000, 0x0000000093080000, 0x00000000d5580000)
  object space 311808K, 51% used [0x0000000080000000,0x0000000089c2ab38,0x0000000093080000)
 Metaspace       used 56635K, capacity 57742K, committed 57984K, reserved 1099776K
  class space    used 7398K, capacity 7691K, committed 7808K, reserved 1048576K
}
Event: 65.786 GC heap before
{Heap before GC invocations=49 (full 7):
 PSYoungGen      total 617984K, used 617879K [0x00000000d5580000, 0x0000000100000000, 0x0000000100000000)
  eden space 542208K, 100% used [0x00000000d5580000,0x00000000f6700000,0x00000000f6700000)
  from space 75776K, 99% used [0x00000000f6700000,0x00000000fb0e5d18,0x00000000fb100000)
  to   space 80896K, 0% used [0x00000000fb100000,0x00000000fb100000,0x0000000100000000)
 ParOldGen       total 311808K, used 159914K [0x0000000080000000, 0x0000000093080000, 0x00000000d5580000)
  object space 311808K, 51% used [0x0000000080000000,0x0000000089c2ab38,0x0000000093080000)
 Metaspace       used 56635K, capacity 57742K, committed 57984K, reserved 1099776K
  class space    used 7398K, capacity 7691K, committed 7808K, reserved 1048576K
Event: 65.994 GC heap after
Heap after GC invocations=49 (full 7):
 PSYoungGen      total 467456K, used 80869K [0x00000000d5580000, 0x0000000100000000, 0x0000000100000000)
  eden space 386560K, 0% used [0x00000000d5580000,0x00000000d5580000,0x00000000ecf00000)
  from space 80896K, 99% used [0x00000000fb100000,0x00000000ffff96b0,0x0000000100000000)
  to   space 156160K, 0% used [0x00000000ecf00000,0x00000000ecf00000,0x00000000f6780000)
 ParOldGen       total 317440K, used 316644K [0x0000000080000000, 0x0000000093600000, 0x00000000d5580000)
  object space 317440K, 99% used [0x0000000080000000,0x0000000093539338,0x0000000093600000)
 Metaspace       used 56635K, capacity 57742K, committed 57984K, reserved 1099776K
  class space    used 7398K, capacity 7691K, committed 7808K, reserved 1048576K
}
Event: 65.994 GC heap before
{Heap before GC invocations=50 (full 8):
 PSYoungGen      total 467456K, used 80869K [0x00000000d5580000, 0x0000000100000000, 0x0000000100000000)
  eden space 386560K, 0% used [0x00000000d5580000,0x00000000d5580000,0x00000000ecf00000)
  from space 80896K, 99% used [0x00000000fb100000,0x00000000ffff96b0,0x0000000100000000)
  to   space 156160K, 0% used [0x00000000ecf00000,0x00000000ecf00000,0x00000000f6780000)
 ParOldGen       total 317440K, used 316644K [0x0000000080000000, 0x0000000093600000, 0x00000000d5580000)
  object space 317440K, 99% used [0x0000000080000000,0x0000000093539338,0x0000000093600000)
 Metaspace       used 56635K, capacity 57742K, committed 57984K, reserved 1099776K
  class space    used 7398K, capacity 7691K, committed 7808K, reserved 1048576K

Deoptimization events (10 events):
Event: 64.395 Thread 0x00007f66d8004000 Uncommon trap: reason=class_check action=maybe_recompile pc=0x00007f674668c928 method=com.android.dx.ssa.back.InterferenceGraph.add(II)V @ 19
Event: 64.395 Thread 0x00007f66d8004000 Uncommon trap: reason=class_check action=maybe_recompile pc=0x00007f674668c928 method=com.android.dx.ssa.back.InterferenceGraph.add(II)V @ 19
Event: 64.395 Thread 0x00007f66d8004000 Uncommon trap: reason=class_check action=maybe_recompile pc=0x00007f674668c928 method=com.android.dx.ssa.back.InterferenceGraph.add(II)V @ 19
Event: 64.395 Thread 0x00007f66d8004000 Uncommon trap: reason=class_check action=maybe_recompile pc=0x00007f674668c928 method=com.android.dx.ssa.back.InterferenceGraph.add(II)V @ 19
Event: 64.468 Thread 0x00007f66d8004000 Uncommon trap: reason=class_check action=maybe_recompile pc=0x00007f6746ec05f4 method=com.android.dx.ssa.back.InterferenceGraph.mergeInterferenceSet(ILcom/android/dx/util/IntSet;)V @ 20
Event: 64.469 Thread 0x00007f66d8004000 Uncommon trap: reason=class_check action=maybe_recompile pc=0x00007f6746ec05f4 method=com.android.dx.ssa.back.InterferenceGraph.mergeInterferenceSet(ILcom/android/dx/util/IntSet;)V @ 20
Event: 64.470 Thread 0x00007f66d8004000 Uncommon trap: reason=class_check action=maybe_recompile pc=0x00007f6746ec05f4 method=com.android.dx.ssa.back.InterferenceGraph.mergeInterferenceSet(ILcom/android/dx/util/IntSet;)V @ 20
Event: 64.475 Thread 0x00007f66d8004000 Uncommon trap: reason=class_check action=maybe_recompile pc=0x00007f6746ec05f4 method=com.android.dx.ssa.back.InterferenceGraph.mergeInterferenceSet(ILcom/android/dx/util/IntSet;)V @ 20
Event: 64.697 Thread 0x00007f66d8004000 Uncommon trap: reason=unstable_if action=reinterpret pc=0x00007f67471927f8 method=com.android.dx.cf.code.Merger.mergeType(Lcom/android/dx/rop/type/TypeBearer;Lcom/android/dx/rop/type/TypeBearer;)Lcom/android/dx/rop/type/TypeBearer; @ 52
Event: 64.709 Thread 0x00007f66d8004000 Uncommon trap: reason=unstable_if action=reinterpret pc=0x00007f674720ab98 method=com.android.dx.util.BitIntSet.has(I)Z @ 8

Internal exceptions (10 events):
Event: 24.353 Thread 0x00007f66ed160000 Exception <a 'java/lang/NoSuchMethodError': <clinit>> (0x00000000da6e5fa0) thrown at [/HUDSON/workspace/8-2-build-linux-amd64/jdk8u91/6644/hotspot/src/share/vm/prims/jni.cpp, line 1613]
Event: 33.970 Thread 0x00007f66ed163800 Implicit null exception at 0x00007f6745f37b7a to 0x00007f6745f38e89
Event: 35.088 Thread 0x00007f670000c000 Implicit null exception at 0x00007f6746935b6d to 0x00007f6746935e3d
Event: 36.370 Thread 0x00007f66bc001000 Implicit null exception at 0x00007f67460680e2 to 0x00007f67460681d3
Event: 37.303 Thread 0x00007f66cc030800 Implicit null exception at 0x00007f6746a96857 to 0x00007f6746a975a5
Event: 38.097 Thread 0x00007f66cc02d000 Implicit null exception at 0x00007f6746a86a61 to 0x00007f6746a875c1
Event: 43.701 Thread 0x00007f66bc001000 Implicit null exception at 0x00007f6746533f4a to 0x00007f67465349a1
Event: 46.709 Thread 0x00007f66cc020000 Implicit null exception at 0x00007f6745b5cdf8 to 0x00007f6745b5d10d
Event: 50.594 Thread 0x0000000001a13800 Implicit null exception at 0x00007f6746fa3551 to 0x00007f6746fa63bd
Event: 57.101 Thread 0x0000000001a14800 Implicit null exception at 0x00007f6746f8864b to 0x00007f6746f897d9

Events (10 events):
Event: 65.667 Thread 0x00007f66c002c000 DEOPT UNPACKING pc=0x00007f6745047633 sp=0x00007f66d3cfae30 mode 0
Event: 65.683 Thread 0x00007f67540bc000 flushing nmethod 0x00007f67452c1ed0
Event: 65.684 Thread 0x00007f67540bc000 flushing nmethod 0x00007f674535ff50
Event: 65.717 Thread 0x00007f66d8004000 DEOPT PACKING pc=0x00007f6746b08031 sp=0x00007f67317e9280
Event: 65.717 Thread 0x00007f66d8004000 DEOPT UNPACKING pc=0x00007f6745047633 sp=0x00007f67317e9030 mode 0
Event: 65.738 Thread 0x00007f66d8004000 DEOPT PACKING pc=0x00007f67466cba6f sp=0x00007f67317e92a0
Event: 65.738 Thread 0x00007f66d8004000 DEOPT UNPACKING pc=0x00007f6745047633 sp=0x00007f67317e9060 mode 0
Event: 65.767 Thread 0x00007f66d8004000 DEOPT PACKING pc=0x00007f6746aeeeb9 sp=0x00007f67317e90e0
Event: 65.767 Thread 0x00007f66d8004000 DEOPT UNPACKING pc=0x00007f6745047633 sp=0x00007f67317e8f40 mode 0
Event: 65.786 Executing VM operation: ParallelGCFailedAllocation


Dynamic libraries:
00400000-00401000 r-xp 00000000 08:05 2244695                            /usr/lib/jvm/java-8-oracle/bin/java
00600000-00601000 rw-p 00000000 08:05 2244695                            /usr/lib/jvm/java-8-oracle/bin/java
019ff000-01afe000 rw-p 00000000 00:00 0                                  [heap]
80000000-93600000 rw-p 00000000 00:00 0 
a0c00000-d5580000 ---p 00000000 00:00 0 
d5580000-100000000 rw-p 00000000 00:00 0 
100000000-1007a0000 rw-p 00000000 00:00 0 
1007a0000-140000000 ---p 00000000 00:00 0 
7f66bc000000-7f66bc025000 rw-p 00000000 00:00 0 
7f66bc025000-7f66c0000000 ---p 00000000 00:00 0 
7f66c0000000-7f66c0190000 rw-p 00000000 00:00 0 
7f66c0190000-7f66c4000000 ---p 00000000 00:00 0 
7f66c4000000-7f66c4057000 rw-p 00000000 00:00 0 
7f66c4057000-7f66c8000000 ---p 00000000 00:00 0 
7f66c8000000-7f66c802e000 rw-p 00000000 00:00 0 
7f66c802e000-7f66cc000000 ---p 00000000 00:00 0 
7f66cc000000-7f66cc0e9000 rw-p 00000000 00:00 0 
7f66cc0e9000-7f66d0000000 ---p 00000000 00:00 0 
7f66d38fb000-7f66d38fe000 ---p 00000000 00:00 0 
7f66d38fe000-7f66d3afc000 rw-p 00000000 00:00 0 
7f66d3afc000-7f66d3bfc000 ---p 00000000 00:00 0 
7f66d3bfc000-7f66d3bff000 ---p 00000000 00:00 0 
7f66d3bff000-7f66d3cfd000 rw-p 00000000 00:00 0                          [stack:26304]
7f66d3cfd000-7f66d3d00000 ---p 00000000 00:00 0 
7f66d3d00000-7f66d3dfe000 rw-p 00000000 00:00 0 
7f66d3dfe000-7f66d3e01000 ---p 00000000 00:00 0 
7f66d3e01000-7f66d3eff000 rw-p 00000000 00:00 0                          [stack:26302]
7f66d3eff000-7f66d3f02000 ---p 00000000 00:00 0 
7f66d3f02000-7f66d4000000 rw-p 00000000 00:00 0 
7f66d4000000-7f66d45ca000 rw-p 00000000 00:00 0 
7f66d45ca000-7f66d8000000 ---p 00000000 00:00 0 
7f66d8000000-7f66d8030000 rw-p 00000000 00:00 0 
7f66d8030000-7f66dc000000 ---p 00000000 00:00 0 
7f66dc000000-7f66dc194000 rw-p 00000000 00:00 0 
7f66dc194000-7f66e0000000 ---p 00000000 00:00 0 
7f66e0000000-7f66e009d000 rw-p 00000000 00:00 0 
7f66e009d000-7f66e4000000 ---p 00000000 00:00 0 
7f66e4000000-7f66e4021000 rw-p 00000000 00:00 0 
7f66e4021000-7f66e8000000 ---p 00000000 00:00 0 
7f66e8000000-7f66e8021000 rw-p 00000000 00:00 0 
7f66e8021000-7f66ec000000 ---p 00000000 00:00 0 
7f66ec000000-7f66ed63d000 rw-p 00000000 00:00 0 
7f66ed63d000-7f66f0000000 ---p 00000000 00:00 0 
7f66f0000000-7f66f0021000 rw-p 00000000 00:00 0 
7f66f0021000-7f66f4000000 ---p 00000000 00:00 0 
7f66f4000000-7f66f4021000 rw-p 00000000 00:00 0 
7f66f4021000-7f66f8000000 ---p 00000000 00:00 0 
7f66f8000000-7f66f8060000 rw-p 00000000 00:00 0 
7f66f8060000-7f66fc000000 ---p 00000000 00:00 0 
7f66fc000000-7f66fc070000 rw-p 00000000 00:00 0 
7f66fc070000-7f6700000000 ---p 00000000 00:00 0 
7f6700000000-7f6700031000 rw-p 00000000 00:00 0 
7f6700031000-7f6704000000 ---p 00000000 00:00 0 
7f6704000000-7f6704021000 rw-p 00000000 00:00 0 
7f6704021000-7f6708000000 ---p 00000000 00:00 0 
7f6708000000-7f6708024000 rw-p 00000000 00:00 0 
7f6708024000-7f670c000000 ---p 00000000 00:00 0 
7f670c000000-7f670e08c000 rw-p 00000000 00:00 0 
7f670e08c000-7f6710000000 ---p 00000000 00:00 0 
7f6710000000-7f67111f6000 rw-p 00000000 00:00 0 
7f67111f6000-7f6714000000 ---p 00000000 00:00 0 
7f6714000000-7f6714021000 rw-p 00000000 00:00 0 
7f6714021000-7f6718000000 ---p 00000000 00:00 0 
7f6718000000-7f671a31e000 rw-p 00000000 00:00 0 
7f671a31e000-7f671c000000 ---p 00000000 00:00 0 
7f671c000000-7f671c021000 rw-p 00000000 00:00 0 
7f671c021000-7f6720000000 ---p 00000000 00:00 0 
7f6720000000-7f6720021000 rw-p 00000000 00:00 0 
7f6720021000-7f6724000000 ---p 00000000 00:00 0 
7f6724000000-7f672402b000 rw-p 00000000 00:00 0 
7f672402b000-7f6728000000 ---p 00000000 00:00 0 
7f6728000000-7f6728407000 rw-p 00000000 00:00 0 
7f6728407000-7f672c000000 ---p 00000000 00:00 0 
7f672c000000-7f672c042000 rw-p 00000000 00:00 0 
7f672c042000-7f6730000000 ---p 00000000 00:00 0 
7f67300aa000-7f67300ad000 ---p 00000000 00:00 0 
7f67300ad000-7f67301ab000 rw-p 00000000 00:00 0 
7f67301ab000-7f67301ae000 ---p 00000000 00:00 0 
7f67301ae000-7f67302ac000 rw-p 00000000 00:00 0 
7f67302ac000-7f67302af000 ---p 00000000 00:00 0 
7f67302af000-7f67303ad000 rw-p 00000000 00:00 0                          [stack:26303]
7f67303ad000-7f67303b0000 ---p 00000000 00:00 0 
7f67303b0000-7f67304ae000 rw-p 00000000 00:00 0 
7f67304ae000-7f67304b1000 ---p 00000000 00:00 0 
7f67304b1000-7f67305af000 rw-p 00000000 00:00 0 
7f67305af000-7f67305b2000 ---p 00000000 00:00 0 
7f67305b2000-7f67306b0000 rw-p 00000000 00:00 0 
7f67306b0000-7f67306b3000 ---p 00000000 00:00 0 
7f67306b3000-7f67307b1000 rw-p 00000000 00:00 0 
7f67307b1000-7f67307b4000 ---p 00000000 00:00 0 
7f67307b4000-7f67308b2000 rw-p 00000000 00:00 0 
7f67308b2000-7f67308b5000 ---p 00000000 00:00 0 
7f67308b5000-7f67309b3000 rw-p 00000000 00:00 0 
7f67309b3000-7f67309b6000 ---p 00000000 00:00 0 
7f67309b6000-7f6730ab4000 rw-p 00000000 00:00 0 
7f6730ab4000-7f6730ab7000 ---p 00000000 00:00 0 
7f6730ab7000-7f6730bb5000 rw-p 00000000 00:00 0 
7f6730bb5000-7f6730bb8000 ---p 00000000 00:00 0 
7f6730bb8000-7f6730cb6000 rw-p 00000000 00:00 0 
7f6730cb6000-7f6730cb9000 ---p 00000000 00:00 0 
7f6730cb9000-7f6730db7000 rw-p 00000000 00:00 0                          [stack:26298]
7f6730db7000-7f6730dba000 ---p 00000000 00:00 0 
7f6730dba000-7f6730eb8000 rw-p 00000000 00:00 0                          [stack:26297]
7f6730eb8000-7f6730ebb000 ---p 00000000 00:00 0 
7f6730ebb000-7f6730fb9000 rw-p 00000000 00:00 0 
7f6730fb9000-7f6730fbc000 ---p 00000000 00:00 0 
7f6730fbc000-7f67312ba000 rw-p 00000000 00:00 0 
7f67312ba000-7f67312bd000 ---p 00000000 00:00 0 
7f67312bd000-7f67313bb000 rw-p 00000000 00:00 0                          [stack:25864]
7f67313bb000-7f67313be000 ---p 00000000 00:00 0 
7f67313be000-7f67316bc000 rw-p 00000000 00:00 0                          [stack:25863]
7f67316c5000-7f67316d6000 r--s 000bd000 08:05 2244138                    /home/cheng/AndroidStudioProjects/Attendance/app/build/intermediates/exploded-aar/com.google.android.gms/play-services-ads/9.2.0/jars/classes.jar
7f67316ea000-7f67316eb000 rw-p 00000000 00:00 0 
7f67316eb000-7f67316ee000 ---p 00000000 00:00 0 
7f67316ee000-7f67319ec000 rw-p 00000000 00:00 0                          [stack:25862]
7f67319ec000-7f6731bec000 rw-p 00000000 00:00 0 
7f6731bec000-7f6731bef000 ---p 00000000 00:00 0 
7f6731bef000-7f6731ced000 rw-p 00000000 00:00 0                          [stack:25858]
7f6731ced000-7f6731cf0000 ---p 00000000 00:00 0 
7f6731cf0000-7f6731dee000 rw-p 00000000 00:00 0                          [stack:25860]
7f6731dee000-7f6731df1000 ---p 00000000 00:00 0 
7f6731df1000-7f6731eef000 rw-p 00000000 00:00 0                          [stack:25859]
7f6731eef000-7f6731ef2000 ---p 00000000 00:00 0 
7f6731ef2000-7f6731ff0000 rw-p 00000000 00:00 0                          [stack:25861]
7f6731ff0000-7f6731ff3000 ---p 00000000 00:00 0 
7f6731ff3000-7f67322f1000 rw-p 00000000 00:00 0                          [stack:25857]
7f67322f1000-7f67322f4000 ---p 00000000 00:00 0 
7f67322f4000-7f67323f2000 rw-p 00000000 00:00 0                          [stack:25808]
7f67323f2000-7f67323f5000 ---p 00000000 00:00 0 
7f67323f5000-7f67324f3000 rw-p 00000000 00:00 0                          [stack:25807]
7f67324f3000-7f67324f6000 ---p 00000000 00:00 0 
7f67324f6000-7f67327f4000 rw-p 00000000 00:00 0                          [stack:25806]
7f67327f4000-7f67329f4000 rw-p 00000000 00:00 0 
7f67329f4000-7f6732bf4000 rw-p 00000000 00:00 0 
7f6732bf4000-7f6732c07000 r--s 00344000 08:05 3020137                    /usr/lib/jvm/java-8-oracle/jre/lib/resources.jar
7f6732c07000-7f6732e07000 rw-p 00000000 00:00 0 
7f6732e07000-7f6733007000 rw-p 00000000 00:00 0 
7f6733007000-7f6733207000 rw-p 00000000 00:00 0 
7f6733207000-7f6733407000 rw-p 00000000 00:00 0 
7f6733407000-7f6733410000 r-xp 00000000 08:05 3020196                    /usr/lib/jvm/java-8-oracle/jre/lib/amd64/libmanagement.so
7f6733410000-7f673360f000 ---p 00009000 08:05 3020196                    /usr/lib/jvm/java-8-oracle/jre/lib/amd64/libmanagement.so
7f673360f000-7f6733610000 rw-p 00008000 08:05 3020196                    /usr/lib/jvm/java-8-oracle/jre/lib/amd64/libmanagement.so
7f6733610000-7f6733612000 r--s 00005000 08:05 1179715                    /home/cheng/App/android-studio/gradle/m2repository/org/abego/treelayout/org.abego.treelayout.core/1.0.1/org.abego.treelayout.core-1.0.1.jar
7f6733612000-7f673361a000 r--s 000a8000 08:05 1179885                    /home/cheng/App/android-studio/gradle/m2repository/com/android/tools/external/lombok/lombok-ast/0.2.3/lombok-ast-0.2.3.jar
7f673361a000-7f673361b000 r--s 00004000 08:05 1180099                    /home/cheng/App/android-studio/gradle/m2repository/com/intellij/annotations/12.0/annotations-12.0.jar
7f673361b000-7f673361d000 r--s 0000d000 08:05 1180144                    /home/cheng/App/android-studio/gradle/m2repository/commons-codec/commons-codec/1.4/commons-codec-1.4.jar
7f673361d000-7f673361f000 r--s 0000d000 08:05 1179549                    /home/cheng/App/android-studio/gradle/m2repository/commons-logging/commons-logging/1.1.1/commons-logging-1.1.1.jar
7f673361f000-7f6733624000 r--s 00028000 08:05 1179627                    /home/cheng/App/android-studio/gradle/m2repository/org/apache/httpcomponents/httpcore/4.1/httpcore-4.1.jar
7f6733624000-7f6733628000 r--s 00037000 08:05 1179694                    /home/cheng/App/android-studio/gradle/m2repository/org/antlr/ST4/4.0.8/ST4-4.0.8.jar
7f6733628000-7f673362b000 r--s 00026000 08:05 1179708                    /home/cheng/App/android-studio/gradle/m2repository/org/antlr/antlr-runtime/3.5.2/antlr-runtime-3.5.2.jar
7f673362b000-7f673362c000 r--s 00002000 08:05 1179791                    /home/cheng/App/android-studio/gradle/m2repository/com/tunnelvisionlabs/antlr4-annotations/4.5/antlr4-annotations-4.5.jar
7f673362c000-7f6733633000 r--s 00062000 08:05 1179778                    /home/cheng/App/android-studio/gradle/m2repository/com/tunnelvisionlabs/antlr4-runtime/4.5/antlr4-runtime-4.5.jar
7f6733633000-7f6733636000 r--s 00030000 08:05 1983712                    /home/cheng/App/android-studio/gradle/m2repository/com/android/tools/lint/lint-api/25.1.2/lint-api-25.1.2.jar
7f6733636000-7f6733637000 r--s 00004000 08:05 1179726                    /home/cheng/App/android-studio/gradle/m2repository/org/ow2/asm/asm-analysis/5.0.3/asm-analysis-5.0.3.jar
7f6733637000-7f673363b000 r--s 00026000 08:05 1983702                    /home/cheng/App/android-studio/gradle/m2repository/com/android/tools/repository/25.1.2/repository-25.1.2.jar
7f673363b000-7f673363e000 r--s 00014000 08:05 1983691                    /home/cheng/App/android-studio/gradle/m2repository/com/android/tools/layoutlib/layoutlib-api/25.1.2/layoutlib-api-25.1.2.jar
7f673363e000-7f6733645000 r--s 00053000 08:05 1179644                    /home/cheng/App/android-studio/gradle/m2repository/org/apache/commons/commons-compress/1.8.1/commons-compress-1.8.1.jar
7f6733645000-7f6733647000 r--s 00005000 08:05 1179620                    /home/cheng/App/android-studio/gradle/m2repository/org/apache/httpcomponents/httpmime/4.1/httpmime-4.1.jar
7f6733647000-7f673364f000 r--s 0004e000 08:05 1179636                    /home/cheng/App/android-studio/gradle/m2repository/org/apache/httpcomponents/httpclient/4.1.1/httpclient-4.1.1.jar
7f673364f000-7f6733654000 r--s 0002a000 08:05 1179816                    /home/cheng/App/android-studio/gradle/m2repository/com/google/code/gson/gson/2.2.4/gson-2.2.4.jar
7f6733654000-7f6733854000 rw-p 00000000 00:00 0 
7f6733854000-7f6733857000 ---p 00000000 00:00 0 
7f6733857000-7f6733955000 rw-p 00000000 00:00 0                          [stack:25800]
7f6733955000-7f6733959000 r--s 0002a000 08:05 1179556                    /home/cheng/App/android-studio/gradle/m2repository/commons-io/commons-io/2.4/commons-io-2.4.jar
7f6733959000-7f6733963000 r--s 00099000 08:05 1179785                    /home/cheng/App/android-studio/gradle/m2repository/com/tunnelvisionlabs/antlr4/4.5/antlr4-4.5.jar
7f6733963000-7f6733975000 r--s 00223000 08:05 1179568                    /home/cheng/App/android-studio/gradle/m2repository/org/eclipse/jdt/core/compiler/ecj/4.4.2/ecj-4.4.2.jar
7f6733975000-7f673397c000 r--s 000be000 08:05 1983705                    /home/cheng/App/android-studio/gradle/m2repository/com/android/tools/lint/lint-checks/25.1.2/lint-checks-25.1.2.jar
7f673397c000-7f673398c000 r--s 000d6000 08:05 1180112                    /home/cheng/App/android-studio/gradle/m2repository/net/sf/proguard/proguard-base/5.2.1/proguard-base-5.2.1.jar
7f673398c000-7f67339b7000 r--s 001f9000 08:05 1179823                    /home/cheng/App/android-studio/gradle/m2repository/com/google/guava/guava/17.0/guava-17.0.jar
7f67339b7000-7f67339c5000 r--s 00081000 08:05 1179675                    /home/cheng/App/android-studio/gradle/m2repository/org/bouncycastle/bcpkix-jdk15on/1.48/bcpkix-jdk15on-1.48.jar
7f67339c5000-7f67339cd000 r--s 00078000 08:05 1983714                    /home/cheng/App/android-studio/gradle/m2repository/com/android/tools/sdklib/25.1.2/sdklib-25.1.2.jar
7f67339cd000-7f6733a00000 r--s 00203000 08:05 1179681                    /home/cheng/App/android-studio/gradle/m2repository/org/bouncycastle/bcprov-jdk15on/1.48/bcprov-jdk15on-1.48.jar
7f6733a00000-7f6733c00000 rw-p 00000000 00:00 0 
7f6733c00000-7f6733e00000 rw-p 00000000 00:00 0 
7f6733e00000-7f6734000000 rw-p 00000000 00:00 0 
7f6734000000-7f6734328000 rw-p 00000000 00:00 0 
7f6734328000-7f6738000000 ---p 00000000 00:00 0 
7f6738000000-7f6738001000 r--s 00005000 08:05 1983699                    /home/cheng/App/android-studio/gradle/m2repository/com/android/tools/dvlib/25.1.2/dvlib-25.1.2.jar
7f6738001000-7f6738002000 r--s 0000a000 08:05 1180137                    /home/cheng/App/android-studio/gradle/m2repository/net/sf/kxml/kxml2/2.3.0/kxml2-2.3.0.jar
7f6738002000-7f6738003000 r--s 00002000 08:05 1983559                    /home/cheng/App/android-studio/gradle/m2repository/com/android/databinding/baseLibrary/2.1.2/baseLibrary-2.1.2.jar
7f6738003000-7f6738006000 r--s 00033000 08:05 1179798                    /home/cheng/App/android-studio/gradle/m2repository/com/googlecode/juniversalchardet/juniversalchardet/1.0.3/juniversalchardet-1.0.3.jar
7f6738006000-7f6738007000 r--s 00001000 08:05 1983658                    /home/cheng/App/android-studio/gradle/m2repository/com/android/tools/annotations/25.1.2/annotations-25.1.2.jar
7f6738007000-7f673800d000 r--s 0004a000 08:05 1983696                    /home/cheng/App/android-studio/gradle/m2repository/com/android/tools/ddms/ddmlib/25.1.2/ddmlib-25.1.2.jar
7f673800d000-7f673800e000 r--s 00001000 08:05 1180056                    /home/cheng/App/android-studio/gradle/m2repository/com/android/tools/jill/jill-api/0.10.0/jill-api-0.10.0.jar
7f673800e000-7f6738010000 r--s 00005000 08:05 1983684                    /home/cheng/App/android-studio/gradle/m2repository/com/android/tools/build/builder-model/2.1.2/builder-model-2.1.2.jar
7f6738010000-7f6738011000 r--s 00002000 08:05 1843884                    /home/cheng/App/android-studio/gradle/m2repository/com/android/tools/build/builder-test-api/2.1.2/builder-test-api-2.1.2.jar
7f6738011000-7f6738014000 r--s 00028000 08:05 1983669                    /home/cheng/App/android-studio/gradle/m2repository/com/android/tools/build/manifest-merger/25.1.2/manifest-merger-25.1.2.jar
7f6738014000-7f6738016000 r--s 00002000 08:05 1179805                    /home/cheng/App/android-studio/gradle/m2repository/com/squareup/javawriter/2.5.0/javawriter-2.5.0.jar
7f6738016000-7f6738018000 r--s 00006000 08:05 1179756                    /home/cheng/App/android-studio/gradle/m2repository/org/ow2/asm/asm-tree/5.0.3/asm-tree-5.0.3.jar
7f6738018000-7f6738020000 r--s 0007c000 08:05 1983693                    /home/cheng/App/android-studio/gradle/m2repository/com/android/tools/sdk-common/25.1.2/sdk-common-25.1.2.jar
7f6738020000-7f6738022000 r--s 00003000 08:05 1179838                    /home/cheng/App/android-studio/gradle/m2repository/com/android/tools/jack/jack-api/0.10.0/jack-api-0.10.0.jar
7f6738022000-7f6738024000 r--s 00018000 08:05 1983718                    /home/cheng/App/android-studio/gradle/m2repository/com/android/tools/common/25.1.2/common-25.1.2.jar
7f6738024000-7f6738029000 r--s 00058000 08:05 1179745                    /home/cheng/App/android-studio/gradle/m2repository/org/ow2/asm/asm-debug-all/5.0.1/asm-debug-all-5.0.1.jar
7f6738029000-7f673802d000 r--s 0002b000 08:05 1983655                    /home/cheng/App/android-studio/gradle/m2repository/com/android/databinding/compilerCommon/2.1.2/compilerCommon-2.1.2.jar
7f673802d000-7f673802f000 r--s 00023000 08:05 1983709                    /home/cheng/App/android-studio/gradle/m2repository/com/android/tools/lint/lint/25.1.2/lint-25.1.2.jar
7f673802f000-7f6738030000 r--s 0000c000 08:05 1179738                    /home/cheng/App/android-studio/gradle/m2repository/org/ow2/asm/asm/5.0.3/asm-5.0.3.jar
7f6738030000-7f6738031000 r--s 00002000 08:05 1180123                    /home/cheng/App/android-studio/gradle/m2repository/net/sf/proguard/proguard-gradle/5.2.1/proguard-gradle-5.2.1.jar
7f6738031000-7f6738032000 r--s 00002000 08:05 1983666                    /home/cheng/App/android-studio/gradle/m2repository/com/android/tools/build/gradle-api/2.1.2/gradle-api-2.1.2.jar
7f6738032000-7f6738034000 r--s 00009000 08:05 1179769                    /home/cheng/App/android-studio/gradle/m2repository/org/ow2/asm/asm-commons/5.0.3/asm-commons-5.0.3.jar
7f6738034000-7f6738035000 r--s 00000000 08:05 1180026                    /home/cheng/App/android-studio/gradle/m2repository/com/android/tools/build/transform-api/2.0.0-deprecated-use-gradle-api/transform-api-2.0.0-deprecated-use-gradle-api.jar
7f6738035000-7f6738049000 r--s 00130000 08:05 1983664                    /home/cheng/App/android-studio/gradle/m2repository/com/android/tools/build/builder/2.1.2/builder-2.1.2.jar
7f6738049000-7f673804d000 r--s 0001e000 08:05 1179582                    /home/cheng/App/android-studio/gradle/m2repository/org/jacoco/org.jacoco.core/0.7.4.201502262128/org.jacoco.core-0.7.4.201502262128.jar
7f673804d000-7f6738069000 r--s 0017c000 08:05 1983673                    /home/cheng/App/android-studio/gradle/m2repository/com/android/tools/build/gradle-core/2.1.2/gradle-core-2.1.2.jar
7f6738069000-7f673806b000 r--s 0000c000 08:05 1983687                    /home/cheng/App/android-studio/gradle/m2repository/com/android/tools/build/gradle/2.1.2/gradle-2.1.2.jar
7f673806b000-7f673806e000 ---p 00000000 00:00 0 
7f673806e000-7f67380a4000 rw-p 00000000 00:00 0                          [stack:25799]
7f67380a4000-7f67380a5000 r--p 00000000 00:00 0 
7f67380a5000-7f67382a5000 rw-p 00000000 00:00 0 
7f67382a5000-7f67384a5000 rw-p 00000000 00:00 0 
7f67384a5000-7f673851e000 r--s 010e3000 08:05 2909876                    /usr/lib/jvm/java-8-oracle/lib/tools.jar
7f673851e000-7f673871e000 rw-p 00000000 00:00 0 
7f673871e000-7f6738721000 ---p 00000000 00:00 0 
7f6738721000-7f673881f000 rw-p 00000000 00:00 0 
7f673881f000-7f6738822000 ---p 00000000 00:00 0 
7f6738822000-7f6738920000 rw-p 00000000 00:00 0                          [stack:25794]
7f6738920000-7f6738923000 ---p 00000000 00:00 0 
7f6738923000-7f6738a21000 rw-p 00000000 00:00 0                          [stack:25793]
7f6738a21000-7f6738a24000 ---p 00000000 00:00 0 
7f6738a24000-7f6738b22000 rw-p 00000000 00:00 0                          [stack:25792]
7f6738b22000-7f6738b25000 ---p 00000000 00:00 0 
7f6738b25000-7f6738e23000 rw-p 00000000 00:00 0                          [stack:25791]
7f6738e23000-7f6738e26000 ---p 00000000 00:00 0 
7f6738e26000-7f6738f24000 rw-p 00000000 00:00 0                          [stack:25790]
7f6738f24000-7f6738f28000 r--s 00097000 08:05 3020138                    /usr/lib/jvm/java-8-oracle/jre/lib/jsse.jar
7f6738f28000-7f6738f2a000 r--s 00005000 08:05 1179425                    /home/cheng/App/android-studio/gradle/gradle-2.10/lib/plugins/gradle-tooling-api-builders-2.10.jar
7f6738f2a000-7f6738f3a000 r--s 00088000 08:05 1179458                    /home/cheng/App/android-studio/gradle/gradle-2.10/lib/plugins/joda-time-2.8.2.jar
7f6738f3a000-7f6738f4b000 r--s 000cf000 08:05 1179494                    /home/cheng/App/android-studio/gradle/gradle-2.10/lib/plugins/jackson-databind-2.3.2.jar
7f6738f4b000-7f6738f4d000 r--s 00007000 08:05 1179511                    /home/cheng/App/android-studio/gradle/gradle-2.10/lib/plugins/jackson-annotations-2.3.2.jar
7f6738f4d000-7f6738f50000 r--s 0002e000 08:05 1179473                    /home/cheng/App/android-studio/gradle/gradle-2.10/lib/plugins/jackson-core-2.3.2.jar
7f6738f50000-7f6738f5b000 r--s 0006b000 08:05 1179533                    /home/cheng/App/android-studio/gradle/gradle-2.10/lib/plugins/aws-java-sdk-core-1.9.19.jar
7f6738f5b000-7f6738f61000 r--s 00036000 08:05 1179506                    /home/cheng/App/android-studio/gradle/gradle-2.10/lib/plugins/aws-java-sdk-kms-1.9.19.jar
7f6738f61000-7f6738f6c000 r--s 00079000 08:05 1179432                    /home/cheng/App/android-studio/gradle/gradle-2.10/lib/plugins/aws-java-sdk-s3-1.9.19.jar
7f6738f6c000-7f6738f6d000 r--s 00003000 08:05 1179435                    /home/cheng/App/android-studio/gradle/gradle-2.10/lib/plugins/gradle-resources-s3-2.10.jar
7f6738f6d000-7f6738f6e000 r--s 00004000 08:05 1179464                    /home/cheng/App/android-studio/gradle/gradle-2.10/lib/plugins/gradle-resources-sftp-2.10.jar
7f6738f6e000-7f6738f6f000 r--s 00001000 08:05 1179448                    /home/cheng/App/android-studio/gradle/gradle-2.10/lib/plugins/gradle-plugin-development-2.10.jar
7f6738f6f000-7f6738f71000 r--s 00005000 08:05 1179478                    /home/cheng/App/android-studio/gradle/gradle-2.10/lib/plugins/gradle-testing-native-2.10.jar
7f6738f71000-7f6738f76000 r--s 0002b000 08:05 1179508                    /home/cheng/App/android-studio/gradle/gradle-2.10/lib/plugins/gradle-ide-native-2.10.jar
7f6738f76000-7f6738f7b000 r--s 0001a000 08:05 1179450                    /home/cheng/App/android-studio/gradle/gradle-2.10/lib/plugins/gradle-language-native-2.10.jar
7f6738f7b000-7f6738f80000 r--s 00028000 08:05 1179445                    /home/cheng/App/android-studio/gradle/gradle-2.10/lib/plugins/gradle-platform-play-2.10.jar
7f6738f80000-7f6738f8d000 r--s 0004f000 08:05 1179485                    /home/cheng/App/android-studio/gradle/gradle-2.10/lib/plugins/gradle-platform-native-2.10.jar
7f6738f8d000-7f6738f90000 r--s 00008000 08:05 1179475                    /home/cheng/App/android-studio/gradle/gradle-2.10/lib/plugins/gradle-language-scala-2.10.jar
7f6738f90000-7f6738f92000 r--s 00009000 08:05 1179447                    /home/cheng/App/android-studio/gradle/gradle-2.10/lib/plugins/gradle-language-groovy-2.10.jar
7f6738f92000-7f6738f98000 r--s 00023000 08:05 1179495                    /home/cheng/App/android-studio/gradle/gradle-2.10/lib/plugins/gradle-language-java-2.10.jar
7f6738f98000-7f6738f9a000 r--s 00008000 08:05 1179520                    /home/cheng/App/android-studio/gradle/gradle-2.10/lib/plugins/gradle-language-jvm-2.10.jar
7f6738f9a000-7f6738f9d000 r--s 00015000 08:05 1179516                    /home/cheng/App/android-studio/gradle/gradle-2.10/lib/plugins/gradle-platform-jvm-2.10.jar
7f6738f9d000-7f6738fa5000 r--s 0002b000 08:05 1179487                    /home/cheng/App/android-studio/gradle/gradle-2.10/lib/plugins/gradle-platform-base-2.10.jar
7f6738fa5000-7f6738fa9000 r--s 00020000 08:05 1179523                    /home/cheng/App/android-studio/gradle/gradle-2.10/lib/plugins/gradle-build-init-2.10.jar
7f6738fa9000-7f6738fac000 r--s 00017000 08:05 1179476                    /home/cheng/App/android-studio/gradle/gradle-2.10/lib/plugins/gradle-jacoco-2.10.jar
7f6738fac000-7f6738faf000 r--s 0000e000 08:05 1179462                    /home/cheng/App/android-studio/gradle/gradle-2.10/lib/plugins/gradle-ivy-2.10.jar
7f6738faf000-7f6738fb1000 r--s 00002000 08:05 1179456                    /home/cheng/App/android-studio/gradle/gradle-2.10/lib/plugins/gradle-publish-2.10.jar
7f6738fb1000-7f6738fb3000 r--s 00005000 08:05 1179480                    /home/cheng/App/android-studio/gradle/gradle-2.10/lib/plugins/jatl-0.2.2.jar
7f6738fb3000-7f6738fb5000 r--s 0000f000 08:05 1179512                    /home/cheng/App/android-studio/gradle/gradle-2.10/lib/plugins/gradle-reporting-2.10.jar
7f6738fb5000-7f6738fbb000 r--s 00036000 08:05 1179500                    /home/cheng/App/android-studio/gradle/gradle-2.10/lib/plugins/gradle-diagnostics-2.10.jar
7f6738fbb000-7f6738fc2000 r--s 0008f000 08:05 1179442                    /home/cheng/App/android-studio/gradle/gradle-2.10/lib/plugins/gradle-build-comparison-2.10.jar
7f6738fc2000-7f6738fc9000 r--s 00035000 08:05 1179493                    /home/cheng/App/android-studio/gradle/gradle-2.10/lib/plugins/simple-4.1.21.jar
7f6738fc9000-7f6738fd5000 r--s 00100000 08:05 1179522                    /home/cheng/App/android-studio/gradle/gradle-2.10/lib/plugins/rhino-1.7R3.jar
7f6738fd5000-7f6738fd9000 r--s 0001c000 08:05 1179534                    /home/cheng/App/android-studio/gradle/gradle-2.10/lib/plugins/gradle-javascript-2.10.jar
7f6738fd9000-7f6738fdb000 r--s 0000b000 08:05 1179463                    /home/cheng/App/android-studio/gradle/gradle-2.10/lib/plugins/gradle-ear-2.10.jar
7f6738fdb000-7f6738fe2000 r--s 00038000 08:05 1179482                    /home/cheng/App/android-studio/gradle/gradle-2.10/lib/plugins/bcpg-jdk15on-1.51.jar
7f6738fe2000-7f6738fe4000 r--s 00017000 08:05 1179484                    /home/cheng/App/android-studio/gradle/gradle-2.10/lib/plugins/gradle-signing-2.10.jar
7f6738fe4000-7f6738fe5000 r--s 00002000 08:05 1179427                    /home/cheng/App/android-studio/gradle/gradle-2.10/lib/plugins/sonar-batch-bootstrapper-2.9.jar
7f6738fe5000-7f6738fe8000 r--s 00015000 08:05 1179449                    /home/cheng/App/android-studio/gradle/gradle-2.10/lib/plugins/gradle-sonar-2.10.jar
7f6738fe8000-7f6738feb000 r--s 00010000 08:05 1179505                    /home/cheng/App/android-studio/gradle/gradle-2.10/lib/plugins/gradle-scala-2.10.jar
7f6738feb000-7f6738fed000 r--s 0000a000 08:05 1179433                    /home/cheng/App/android-studio/gradle/gradle-2.10/lib/plugins/gradle-announce-2.10.jar
7f6738fed000-7f6738ffc000 r--s 0009f000 08:05 1179518                    /home/cheng/App/android-studio/gradle/gradle-2.10/lib/plugins/gradle-ide-2.10.jar
7f6738ffc000-7f6738fff000 r--s 0000c000 08:05 1179474                    /home/cheng/App/android-studio/gradle/gradle-2.10/lib/plugins/pmaven-groovy-0.8-20100325.jar
7f6738fff000-7f6739000000 r--s 00004000 08:05 1179496                    /home/cheng/App/android-studio/gradle/gradle-2.10/lib/plugins/pmaven-common-0.8-20100325.jar
7f6739000000-7f6739006000 r--s 00022000 08:05 1179426                    /home/cheng/App/android-studio/gradle/gradle-2.10/lib/plugins/gradle-maven-2.10.jar
7f6739006000-7f6739027000 r--s 001c3000 08:05 1179470                    /home/cheng/App/android-studio/gradle/gradle-2.10/lib/plugins/bndlib-2.4.0.jar
7f6739027000-7f6739029000 r--s 00004000 08:05 1179490                    /home/cheng/App/android-studio/gradle/gradle-2.10/lib/plugins/gradle-osgi-2.10.jar
7f6739029000-7f673902b000 r--s 00008000 08:05 1179453                    /home/cheng/App/android-studio/gradle/gradle-2.10/lib/plugins/gradle-antlr-2.10.jar
7f673902b000-7f673902e000 r--s 0001e000 08:05 1179489                    /home/cheng/App/android-studio/gradle/gradle-2.10/lib/plugins/jsp-api-2.1-6.1.14.jar
7f673902e000-7f6739051000 r--s 00344000 08:05 1179515                    /home/cheng/App/android-studio/gradle/gradle-2.10/lib/plugins/core-3.1.1.jar
7f6739051000-7f6739052000 r--s 00006000 08:05 1179535                    /home/cheng/App/android-studio/gradle/gradle-2.10/lib/plugins/jetty-naming-6.1.25.jar
7f6739052000-7f6739053000 r--s 00002000 08:05 1179468                    /home/cheng/App/android-studio/gradle/gradle-2.10/lib/plugins/geronimo-annotation_1.0_spec-1.0.jar
7f6739053000-7f6739055000 r--s 00002000 08:05 1179481                    /home/cheng/App/android-studio/gradle/gradle-2.10/lib/plugins/jetty-annotations-6.1.25.jar
7f6739055000-7f6739066000 r--s 000ea000 08:05 1179499                    /home/cheng/App/android-studio/gradle/gradle-2.10/lib/plugins/jsp-2.1-6.1.14.jar
7f6739066000-7f6739068000 r--s 0000d000 08:05 1179452                    /home/cheng/App/android-studio/gradle/gradle-2.10/lib/plugins/jetty-plus-6.1.25.jar
7f6739068000-7f673906a000 r--s 0001f000 08:05 1179471                    /home/cheng/App/android-studio/gradle/gradle-2.10/lib/plugins/servlet-api-2.5-20081211.jar
7f673906a000-7f673906e000 r--s 00028000 08:05 1179428                    /home/cheng/App/android-studio/gradle/gradle-2.10/lib/plugins/jetty-util-6.1.25.jar
7f673906e000-7f6739075000 r--s 0007d000 08:05 1179501                    /home/cheng/App/android-studio/gradle/gradle-2.10/lib/plugins/jetty-6.1.25.jar
7f6739075000-7f6739077000 r--s 00009000 08:05 1179479                    /home/cheng/App/android-studio/gradle/gradle-2.10/lib/plugins/gradle-jetty-2.10.jar
7f6739077000-7f673907d000 r--s 00037000 08:05 1179443                    /home/cheng/App/android-studio/gradle/gradle-2.10/lib/plugins/gradle-code-quality-2.10.jar
7f673907d000-7f673907f000 r--s 00009000 08:05 1179469                    /home/cheng/App/android-studio/gradle/gradle-2.10/lib/plugins/hamcrest-core-1.3.jar
7f673907f000-7f6739085000 r--s 00033000 08:05 1179502                    /home/cheng/App/android-studio/gradle/gradle-2.10/lib/plugins/snakeyaml-1.6.jar
7f6739085000-7f6739087000 r--s 00006000 08:05 1179454                    /home/cheng/App/android-studio/gradle/gradle-2.10/lib/plugins/jcommander-1.12.jar
7f6739087000-7f673908c000 r--s 00040000 08:05 1179513                    /home/cheng/App/android-studio/gradle/gradle-2.10/lib/plugins/bsh-2.0b4.jar
7f673908c000-7f673908e000 r--s 00009000 08:05 1179441                    /home/cheng/App/android-studio/gradle/gradle-2.10/lib/plugins/commons-cli-1.2.jar
7f673908e000-7f6739097000 r--s 00089000 08:05 1179466                    /home/cheng/App/android-studio/gradle/gradle-2.10/lib/plugins/testng-6.3.1.jar
7f6739097000-7f673909f000 r--s 00045000 08:05 1179527                    /home/cheng/App/android-studio/gradle/gradle-2.10/lib/plugins/junit-4.12.jar
7f673909f000-7f67390ac000 r--s 00073000 08:05 1179472                    /home/cheng/App/android-studio/gradle/gradle-2.10/lib/plugins/gradle-plugins-2.10.jar
7f67390ac000-7f67390c4000 r--s 00115000 08:05 1179497                    /home/cheng/App/android-studio/gradle/gradle-2.10/lib/plugins/xercesImpl-2.9.1.jar
7f67390c4000-7f67390cc000 r--s 00028000 08:05 1179483                    /home/cheng/App/android-studio/gradle/gradle-2.10/lib/plugins/xml-apis-1.3.04.jar
7f67390cc000-7f67390d2000 r--s 0005b000 08:05 1179440                    /home/cheng/App/android-studio/gradle/gradle-2.10/lib/plugins/jcifs-1.3.17.jar
7f67390d2000-7f67390d8000 r--s 00031000 08:05 1179455                    /home/cheng/App/android-studio/gradle/gradle-2.10/lib/plugins/httpcore-4.2.2.jar
7f67390d8000-7f67390de000 r--s 00033000 08:05 1179436                    /home/cheng/App/android-studio/gradle/gradle-2.10/lib/plugins/commons-codec-1.6.jar
7f67390de000-7f67390e1000 r--s 0001c000 08:05 1179529                    /home/cheng/App/android-studio/gradle/gradle-2.10/lib/plugins/nekohtml-1.9.14.jar
7f67390e1000-7f67390ea000 r--s 00060000 08:05 1179467                    /home/cheng/App/android-studio/gradle/gradle-2.10/lib/plugins/httpclient-4.2.2.jar
7f67390ea000-7f67390ec000 r--s 00009000 08:05 1179514                    /home/cheng/App/android-studio/gradle/gradle-2.10/lib/plugins/gradle-resources-http-2.10.jar
7f67390ec000-7f67390ef000 r--s 00011000 08:05 1179446                    /home/cheng/App/android-studio/gradle/gradle-2.10/lib/plugins/gradle-plugin-use-2.10.jar
7f67390ef000-7f67390f0000 r--s 00007000 08:05 1179498                    /home/cheng/App/android-studio/gradle/gradle-2.10/lib/plugins/wagon-http-shared4-2.4.jar
7f67390f0000-7f67390f4000 r--s 00033000 08:05 1179521                    /home/cheng/App/android-studio/gradle/gradle-2.10/lib/plugins/plexus-utils-2.0.6.jar
7f67390f4000-7f67390f8000 r--s 00021000 08:05 1179477                    /home/cheng/App/android-studio/gradle/gradle-2.10/lib/plugins/maven-model-builder-3.0.4.jar
7f67390f8000-7f67390f9000 r--s 00002000 08:05 1179510                    /home/cheng/App/android-studio/gradle/gradle-2.10/lib/plugins/wagon-file-2.4.jar
7f67390f9000-7f67390fb000 r--s 00002000 08:05 1179532                    /home/cheng/App/android-studio/gradle/gradle-2.10/lib/plugins/plexus-cipher-1.7.jar
7f67390fb000-7f67390fe000 r--s 00013000 08:05 1179530                    /home/cheng/App/android-studio/gradle/gradle-2.10/lib/plugins/aether-api-1.13.1.jar
7f67390fe000-7f6739100000 r--s 0000a000 08:05 1179491                    /home/cheng/App/android-studio/gradle/gradle-2.10/lib/plugins/maven-settings-3.0.4.jar
7f6739100000-7f6739102000 r--s 0000d000 08:05 1179424                    /home/cheng/App/android-studio/gradle/gradle-2.10/lib/plugins/plexus-interpolation-1.14.jar
7f6739102000-7f6739104000 r--s 0000b000 08:05 1179459                    /home/cheng/App/android-studio/gradle/gradle-2.10/lib/plugins/maven-artifact-3.0.4.jar
7f6739104000-7f673910b000 r--s 0002e000 08:05 1179486                    /home/cheng/App/android-studio/gradle/gradle-2.10/lib/plugins/plexus-container-default-1.5.5.jar
7f673910b000-7f673910d000 r--s 0000b000 08:05 1179509                    /home/cheng/App/android-studio/gradle/gradle-2.10/lib/plugins/maven-plugin-api-3.0.4.jar
7f673910d000-7f673910f000 r--s 00000000 08:05 1179460                    /home/cheng/App/android-studio/gradle/gradle-2.10/lib/plugins/plexus-component-annotations-1.5.5.jar
7f673910f000-7f6739115000 r--s 0003f000 08:05 1179461                    /home/cheng/App/android-studio/gradle/gradle-2.10/lib/plugins/maven-compat-3.0.4.jar
7f6739115000-7f6739118000 r--s 00008000 08:05 1179528                    /home/cheng/App/android-studio/gradle/gradle-2.10/lib/plugins/maven-settings-builder-3.0.4.jar
7f6739118000-7f673911a000 r--s 00026000 08:05 1179525                    /home/cheng/App/android-studio/gradle/gradle-2.10/lib/plugins/maven-model-3.0.4.jar
7f673911a000-7f673911c000 r--s 00006000 08:05 1179526                    /home/cheng/App/android-studio/gradle/gradle-2.10/lib/plugins/aether-connector-wagon-1.13.1.jar
7f673911c000-7f673911e000 r--s 0000a000 08:05 1179444                    /home/cheng/App/android-studio/gradle/gradle-2.10/lib/plugins/plexus-classworlds-2.4.jar
7f673911e000-7f6739120000 r--s 00006000 08:05 1179507                    /home/cheng/App/android-studio/gradle/gradle-2.10/lib/plugins/maven-repository-metadata-3.0.4.jar
7f6739120000-7f6739122000 r--s 0000c000 08:05 1179430                    /home/cheng/App/android-studio/gradle/gradle-2.10/lib/plugins/maven-aether-provider-3.0.4.jar
7f6739122000-7f6739124000 r--s 0000b000 08:05 1179431                    /home/cheng/App/android-studio/gradle/gradle-2.10/lib/plugins/wagon-provider-api-2.4.jar
7f6739124000-7f6739128000 r--s 0001c000 08:05 1179492                    /home/cheng/App/android-studio/gradle/gradle-2.10/lib/plugins/aether-util-1.13.1.jar
7f6739128000-7f673912b000 r--s 0001d000 08:05 1179451                    /home/cheng/App/android-studio/gradle/gradle-2.10/lib/plugins/aether-impl-1.13.1.jar
7f673912b000-7f6739130000 r--s 00040000 08:05 1179465                    /home/cheng/App/android-studio/gradle/gradle-2.10/lib/plugins/jsch-0.1.53.jar
7f6739130000-7f6739170000 r--s 00277000 08:05 1179517                    /home/cheng/App/android-studio/gradle/gradle-2.10/lib/plugins/bcprov-jdk15on-1.51.jar
7f6739170000-7f6739174000 r--s 0001d000 08:05 1179519                    /home/cheng/App/android-studio/gradle/gradle-2.10/lib/plugins/xbean-reflect-3.4.jar
7f6739174000-7f6739180000 r--s 0007d000 08:05 1179434                    /home/cheng/App/android-studio/gradle/gradle-2.10/lib/plugins/maven-core-3.0.4.jar
7f6739180000-7f673918f000 r--s 000d9000 08:05 1179503                    /home/cheng/App/android-studio/gradle/gradle-2.10/lib/plugins/ivy-2.2.0.jar
7f673918f000-7f67391a5000 r-xp 00000000 08:05 2748760                    /lib/x86_64-linux-gnu/libgcc_s.so.1
7f67391a5000-7f67393a4000 ---p 00016000 08:05 2748760                    /lib/x86_64-linux-gnu/libgcc_s.so.1
7f67393a4000-7f67393a5000 rw-p 00015000 08:05 2748760                    /lib/x86_64-linux-gnu/libgcc_s.so.1
7f67393a5000-7f6739510000 r-xp 00000000 08:05 1052647                    /usr/lib/x86_64-linux-gnu/libstdc++.so.6.0.21
7f6739510000-7f6739710000 ---p 0016b000 08:05 1052647                    /usr/lib/x86_64-linux-gnu/libstdc++.so.6.0.21
7f6739710000-7f673971a000 r--p 0016b000 08:05 1052647                    /usr/lib/x86_64-linux-gnu/libstdc++.so.6.0.21
7f673971a000-7f673971c000 rw-p 00175000 08:05 1052647                    /usr/lib/x86_64-linux-gnu/libstdc++.so.6.0.21
7f673971c000-7f6739720000 rw-p 00000000 00:00 0 
7f6739720000-7f6739721000 r--s 00002000 08:05 1179429                    /home/cheng/App/android-studio/gradle/gradle-2.10/lib/plugins/wagon-http-2.4.jar
7f6739721000-7f6739722000 r--s 00003000 08:05 1179488                    /home/cheng/App/android-studio/gradle/gradle-2.10/lib/plugins/aether-spi-1.13.1.jar
7f6739722000-7f6739723000 r--s 00006000 08:05 1179504                    /home/cheng/App/android-studio/gradle/gradle-2.10/lib/plugins/plexus-sec-dispatcher-1.3.jar
7f6739723000-7f6739728000 r--s 0002a000 08:05 1179524                    /home/cheng/App/android-studio/gradle/gradle-2.10/lib/plugins/gson-2.2.4.jar
7f6739728000-7f6739744000 r--s 000c9000 08:05 1179531                    /home/cheng/App/android-studio/gradle/gradle-2.10/lib/plugins/gradle-dependency-management-2.10.jar
7f6739744000-7f6739748000 r-xp 00000000 08:05 272567                     /home/cheng/.gradle/native/19/linux-amd64/libnative-platform.so
7f6739748000-7f6739947000 ---p 00004000 08:05 272567                     /home/cheng/.gradle/native/19/linux-amd64/libnative-platform.so
7f6739947000-7f6739948000 rw-p 00003000 08:05 272567                     /home/cheng/.gradle/native/19/linux-amd64/libnative-platform.so
7f6739948000-7f6739959000 r-xp 00000000 08:05 3020191                    /usr/lib/jvm/java-8-oracle/jre/lib/amd64/libnio.so
7f6739959000-7f6739b58000 ---p 00011000 08:05 3020191                    /usr/lib/jvm/java-8-oracle/jre/lib/amd64/libnio.so
7f6739b58000-7f6739b59000 rw-p 00010000 08:05 3020191                    /usr/lib/jvm/java-8-oracle/jre/lib/amd64/libnio.so
7f6739b59000-7f6739b6f000 r-xp 00000000 08:05 3020188                    /usr/lib/jvm/java-8-oracle/jre/lib/amd64/libnet.so
7f6739b6f000-7f6739d6f000 ---p 00016000 08:05 3020188                    /usr/lib/jvm/java-8-oracle/jre/lib/amd64/libnet.so
7f6739d6f000-7f6739d70000 rw-p 00016000 08:05 3020188                    /usr/lib/jvm/java-8-oracle/jre/lib/amd64/libnet.so
7f6739d70000-7f6739d71000 r--s 00006000 08:05 1179392                    /home/cheng/App/android-studio/gradle/gradle-2.10/lib/gradle-wrapper-2.10.jar
7f6739d71000-7f6739d7c000 r--s 0003b000 08:05 1179416                    /home/cheng/App/android-studio/gradle/gradle-2.10/lib/gradle-tooling-api-2.10.jar
7f6739d7c000-7f6739d7e000 r--s 00002000 08:05 1179396                    /home/cheng/App/android-studio/gradle/gradle-2.10/lib/gradle-open-api-2.10.jar
7f6739d7e000-7f6739d84000 r--s 00032000 08:05 1179415                    /home/cheng/App/android-studio/gradle/gradle-2.10/lib/jaxen-1.1.jar
7f6739d84000-7f6739d89000 r--s 00048000 08:05 1179389                    /home/cheng/App/android-studio/gradle/gradle-2.10/lib/dom4j-1.6.1.jar
7f6739d89000-7f6739d94000 r--s 00059000 08:05 1179414                    /home/cheng/App/android-studio/gradle/gradle-2.10/lib/gradle-ui-2.10.jar
7f6739d94000-7f6739d97000 r--s 00008000 08:05 1179538                    /home/cheng/App/android-studio/gradle/gradle-2.10/lib/gradle-resources-2.10.jar
7f6739d97000-7f6739d99000 r--s 00007000 08:05 1179417                    /home/cheng/App/android-studio/gradle/gradle-2.10/lib/objenesis-1.2.jar
7f6739d99000-7f6739d9b000 r--s 00000000 08:05 1179418                    /home/cheng/App/android-studio/gradle/gradle-2.10/lib/minlog-1.2.jar
7f6739d9b000-7f6739d9d000 r--s 0000f000 08:05 1179421                    /home/cheng/App/android-studio/gradle/gradle-2.10/lib/reflectasm-1.07-shaded.jar
7f6739d9d000-7f6739da1000 r--s 00026000 08:05 1179537                    /home/cheng/App/android-studio/gradle/gradle-2.10/lib/kryo-2.20.jar
7f6739da1000-7f6739daa000 r--s 0003f000 08:05 1179406                    /home/cheng/App/android-studio/gradle/gradle-2.10/lib/gradle-messaging-2.10.jar
7f6739daa000-7f6739dab000 r--s 00003000 08:05 1179422                    /home/cheng/App/android-studio/gradle/gradle-2.10/lib/native-platform-freebsd-amd64-0.10.jar
7f6739dab000-7f6739dac000 r--s 00003000 08:05 1179407                    /home/cheng/App/android-studio/gradle/gradle-2.10/lib/native-platform-freebsd-i386-0.10.jar
7f6739dac000-7f6739dad000 r--s 00005000 08:05 1179412                    /home/cheng/App/android-studio/gradle/gradle-2.10/lib/native-platform-windows-i386-0.10.jar
7f6739dad000-7f6739dae000 r--s 00005000 08:05 1179386                    /home/cheng/App/android-studio/gradle/gradle-2.10/lib/native-platform-windows-amd64-0.10.jar
7f6739dae000-7f6739daf000 r--s 00003000 08:05 1179388                    /home/cheng/App/android-studio/gradle/gradle-2.10/lib/native-platform-linux-i386-0.10.jar
7f6739daf000-7f6739db0000 r--s 00003000 08:05 1179395                    /home/cheng/App/android-studio/gradle/gradle-2.10/lib/native-platform-linux-amd64-0.10.jar
7f6739db0000-7f6739db1000 r--s 00002000 08:05 1179540                    /home/cheng/App/android-studio/gradle/gradle-2.10/lib/native-platform-osx-amd64-0.10.jar
7f6739db1000-7f6739db3000 r--s 00008000 08:05 1179404                    /home/cheng/App/android-studio/gradle/gradle-2.10/lib/jansi-1.2.1.jar
7f6739db3000-7f6739db6000 r--s 0000d000 08:05 1179419                    /home/cheng/App/android-studio/gradle/gradle-2.10/lib/native-platform-0.10.jar
7f6739db6000-7f6739dba000 r--s 000e4000 08:05 1179387                    /home/cheng/App/android-studio/gradle/gradle-2.10/lib/jna-3.2.7.jar
7f6739dba000-7f6739dbc000 r--s 00008000 08:05 1179411                    /home/cheng/App/android-studio/gradle/gradle-2.10/lib/gradle-native-2.10.jar
7f6739dbc000-7f6739dbe000 r--s 00005000 08:05 1179410                    /home/cheng/App/android-studio/gradle/gradle-2.10/lib/gradle-cli-2.10.jar
7f6739dbe000-7f6739dcb000 r--s 00073000 08:05 1179393                    /home/cheng/App/android-studio/gradle/gradle-2.10/lib/gradle-model-core-2.10.jar
7f6739dcb000-7f6739e3a000 r--s 0063e000 08:05 1179413                    /home/cheng/App/android-studio/gradle/gradle-2.10/lib/groovy-all-2.4.4.jar
7f6739e3a000-7f6739e62000 r--s 001cf000 08:05 1179401                    /home/cheng/App/android-studio/gradle/gradle-2.10/lib/guava-jdk5-17.0.jar
7f6739e62000-7f6739e81000 r--s 001cc000 08:05 1179394                    /home/cheng/App/android-studio/gradle/gradle-2.10/lib/ant-1.9.3.jar
7f6739e81000-7f6739eb8000 r--s 001bc000 08:05 1179402                    /home/cheng/App/android-studio/gradle/gradle-2.10/lib/gradle-core-2.10.jar
7f6739eb8000-7f6739eb9000 ---p 00000000 00:00 0 
7f6739eb9000-7f6739fb9000 rw-p 00000000 00:00 0                          [stack:25789]
7f6739fb9000-7f6739fbc000 ---p 00000000 00:00 0 
7f6739fbc000-7f673a0ba000 rw-p 00000000 00:00 0                          [stack:25788]
7f673a0ba000-7f673a0bd000 ---p 00000000 00:00 0 
7f673a0bd000-7f673a1bb000 rw-p 00000000 00:00 0                          [stack:25787]
7f673a1bb000-7f673a1be000 ---p 00000000 00:00 0 
7f673a1be000-7f673a2bc000 rw-p 00000000 00:00 0                          [stack:25786]
7f673a2bc000-7f673a2bf000 ---p 00000000 00:00 0 
7f673a2bf000-7f673a3bd000 rw-p 00000000 00:00 0                          [stack:25785]
7f673a3bd000-7f673a3c0000 ---p 00000000 00:00 0 
7f673a3c0000-7f673a4be000 rw-p 00000000 00:00 0                          [stack:25784]
7f673a4be000-7f673a5ee000 r--p 00000000 08:05 1444296                    /usr/lib/locale/nhn_MX/LC_COLLATE
7f673a5ee000-7f673a5f1000 ---p 00000000 00:00 0 
7f673a5f1000-7f673a6ef000 rw-p 00000000 00:00 0                          [stack:25783]
7f673a6ef000-7f673a6f2000 ---p 00000000 00:00 0 
7f673a6f2000-7f673a7f0000 rw-p 00000000 00:00 0                          [stack:25782]
7f673a7f0000-7f673a7f1000 ---p 00000000 00:00 0 
7f673a7f1000-7f673c000000 rw-p 00000000 00:00 0                          [stack:25781]
7f673c000000-7f673c036000 rw-p 00000000 00:00 0 
7f673c036000-7f6740000000 ---p 00000000 00:00 0 
7f6740000000-7f6740001000 r--s 00002000 08:05 1179405                    /home/cheng/App/android-studio/gradle/gradle-2.10/lib/native-platform-osx-i386-0.10.jar
7f6740001000-7f6740002000 r--s 00007000 08:05 1179539                    /home/cheng/App/android-studio/gradle/gradle-2.10/lib/gradle-model-groovy-2.10.jar
7f6740002000-7f6740004000 r--s 00005000 08:05 1179390                    /home/cheng/App/android-studio/gradle/gradle-2.10/lib/gradle-base-services-groovy-2.10.jar
7f6740004000-7f6740005000 r--s 00000000 08:05 1179544                    /home/cheng/App/android-studio/gradle/gradle-2.10/lib/gradle-docs-2.10.jar
7f6740005000-7f6740007000 r--s 00003000 08:05 1179399                    /home/cheng/App/android-studio/gradle/gradle-2.10/lib/jcl-over-slf4j-1.7.10.jar
7f6740007000-7f6740008000 r--s 00005000 08:05 1179541                    /home/cheng/App/android-studio/gradle/gradle-2.10/lib/log4j-over-slf4j-1.7.10.jar
7f6740008000-7f6740009000 r--s 00000000 08:05 1179409                    /home/cheng/App/android-studio/gradle/gradle-2.10/lib/javax.inject-1.jar
7f6740009000-7f674000d000 r--s 00027000 08:05 1179398                    /home/cheng/App/android-studio/gradle/gradle-2.10/lib/commons-io-2.2.jar
7f674000d000-7f6740051000 r--p 00000000 08:05 1314579                    /usr/lib/locale/an_ES.utf8/LC_CTYPE
7f6740051000-7f6740103000 rw-p 00000000 00:00 0 
7f6740103000-7f67402dc000 r--s 03d1f000 08:05 3020105                    /usr/lib/jvm/java-8-oracle/jre/lib/rt.jar
7f67402dc000-7f6744752000 rw-p 00000000 00:00 0 
7f6744752000-7f6744753000 ---p 00000000 00:00 0 
7f6744753000-7f6744853000 rw-p 00000000 00:00 0                          [stack:25780]
7f6744853000-7f6744854000 ---p 00000000 00:00 0 
7f6744854000-7f67449ef000 rw-p 00000000 00:00 0                          [stack:25779]
7f67449ef000-7f6744bff000 ---p 00000000 00:00 0 
7f6744bff000-7f6744c9a000 rw-p 00000000 00:00 0 
7f6744c9a000-7f6744ea9000 ---p 00000000 00:00 0 
7f6744ea9000-7f6744fff000 rw-p 00000000 00:00 0 
7f6744fff000-7f6745000000 rw-p 00000000 00:00 0 
7f6745000000-7f6747230000 rwxp 00000000 00:00 0 
7f6747230000-7f6754000000 ---p 00000000 00:00 0 
7f6754000000-7f6754b4d000 rw-p 00000000 00:00 0 
7f6754b4d000-7f6758000000 ---p 00000000 00:00 0 
7f6758000000-7f6758003000 r--s 0001b000 08:05 1179397                    /home/cheng/App/android-studio/gradle/gradle-2.10/lib/jarjar-1.3.jar
7f6758003000-7f6758011000 r--s 0007f000 08:05 1179420                    /home/cheng/App/android-studio/gradle/gradle-2.10/lib/commons-collections-3.2.1.jar
7f6758011000-7f6758016000 r--s 00036000 08:05 1179408                    /home/cheng/App/android-studio/gradle/gradle-2.10/lib/asm-all-5.0.3.jar
7f6758016000-7f6758020000 r--s 0004a000 08:05 1179542                    /home/cheng/App/android-studio/gradle/gradle-2.10/lib/gradle-launcher-2.10.jar
7f6758020000-7f6758041000 rw-p 00000000 00:00 0 
7f6758041000-7f6758042000 ---p 00000000 00:00 0 
7f6758042000-7f6758142000 rw-p 00000000 00:00 0                          [stack:25778]
7f6758142000-7f6758143000 ---p 00000000 00:00 0 
7f6758143000-7f67582cc000 rw-p 00000000 00:00 0                          [stack:25777]
7f67582cc000-7f6758603000 ---p 00000000 00:00 0 
7f6758603000-7f675861d000 r-xp 00000000 08:05 3020184                    /usr/lib/jvm/java-8-oracle/jre/lib/amd64/libzip.so
7f675861d000-7f675881d000 ---p 0001a000 08:05 3020184                    /usr/lib/jvm/java-8-oracle/jre/lib/amd64/libzip.so
7f675881d000-7f675881e000 rw-p 0001a000 08:05 3020184                    /usr/lib/jvm/java-8-oracle/jre/lib/amd64/libzip.so
7f675881e000-7f6758829000 r-xp 00000000 08:05 2748547                    /lib/x86_64-linux-gnu/libnss_files-2.22.so
7f6758829000-7f6758a28000 ---p 0000b000 08:05 2748547                    /lib/x86_64-linux-gnu/libnss_files-2.22.so
7f6758a28000-7f6758a29000 r--p 0000a000 08:05 2748547                    /lib/x86_64-linux-gnu/libnss_files-2.22.so
7f6758a29000-7f6758a2a000 rw-p 0000b000 08:05 2748547                    /lib/x86_64-linux-gnu/libnss_files-2.22.so
7f6758a2a000-7f6758a30000 rw-p 00000000 00:00 0 
7f6758a30000-7f6758a3a000 r-xp 00000000 08:05 2748572                    /lib/x86_64-linux-gnu/libnss_nis-2.22.so
7f6758a3a000-7f6758c3a000 ---p 0000a000 08:05 2748572                    /lib/x86_64-linux-gnu/libnss_nis-2.22.so
7f6758c3a000-7f6758c3b000 r--p 0000a000 08:05 2748572                    /lib/x86_64-linux-gnu/libnss_nis-2.22.so
7f6758c3b000-7f6758c3c000 rw-p 0000b000 08:05 2748572                    /lib/x86_64-linux-gnu/libnss_nis-2.22.so
7f6758c3c000-7f6758c51000 r-xp 00000000 08:05 2748560                    /lib/x86_64-linux-gnu/libnsl-2.22.so
7f6758c51000-7f6758e50000 ---p 00015000 08:05 2748560                    /lib/x86_64-linux-gnu/libnsl-2.22.so
7f6758e50000-7f6758e51000 r--p 00014000 08:05 2748560                    /lib/x86_64-linux-gnu/libnsl-2.22.so
7f6758e51000-7f6758e52000 rw-p 00015000 08:05 2748560                    /lib/x86_64-linux-gnu/libnsl-2.22.so
7f6758e52000-7f6758e54000 rw-p 00000000 00:00 0 
7f6758e54000-7f6758e5b000 r-xp 00000000 08:05 2748571                    /lib/x86_64-linux-gnu/libnss_compat-2.22.so
7f6758e5b000-7f675905a000 ---p 00007000 08:05 2748571                    /lib/x86_64-linux-gnu/libnss_compat-2.22.so
7f675905a000-7f675905b000 r--p 00006000 08:05 2748571                    /lib/x86_64-linux-gnu/libnss_compat-2.22.so
7f675905b000-7f675905c000 rw-p 00007000 08:05 2748571                    /lib/x86_64-linux-gnu/libnss_compat-2.22.so
7f675905c000-7f6759086000 r-xp 00000000 08:05 3020179                    /usr/lib/jvm/java-8-oracle/jre/lib/amd64/libjava.so
7f6759086000-7f6759286000 ---p 0002a000 08:05 3020179                    /usr/lib/jvm/java-8-oracle/jre/lib/amd64/libjava.so
7f6759286000-7f6759288000 rw-p 0002a000 08:05 3020179                    /usr/lib/jvm/java-8-oracle/jre/lib/amd64/libjava.so
7f6759288000-7f6759295000 r-xp 00000000 08:05 3020183                    /usr/lib/jvm/java-8-oracle/jre/lib/amd64/libverify.so
7f6759295000-7f6759495000 ---p 0000d000 08:05 3020183                    /usr/lib/jvm/java-8-oracle/jre/lib/amd64/libverify.so
7f6759495000-7f6759497000 rw-p 0000d000 08:05 3020183                    /usr/lib/jvm/java-8-oracle/jre/lib/amd64/libverify.so
7f6759497000-7f675949e000 r-xp 00000000 08:05 2748568                    /lib/x86_64-linux-gnu/librt-2.22.so
7f675949e000-7f675969d000 ---p 00007000 08:05 2748568                    /lib/x86_64-linux-gnu/librt-2.22.so
7f675969d000-7f675969e000 r--p 00006000 08:05 2748568                    /lib/x86_64-linux-gnu/librt-2.22.so
7f675969e000-7f675969f000 rw-p 00007000 08:05 2748568                    /lib/x86_64-linux-gnu/librt-2.22.so
7f675969f000-7f675979c000 r-xp 00000000 08:05 2748550                    /lib/x86_64-linux-gnu/libm-2.22.so
7f675979c000-7f675999b000 ---p 000fd000 08:05 2748550                    /lib/x86_64-linux-gnu/libm-2.22.so
7f675999b000-7f675999c000 r--p 000fc000 08:05 2748550                    /lib/x86_64-linux-gnu/libm-2.22.so
7f675999c000-7f675999d000 rw-p 000fd000 08:05 2748550                    /lib/x86_64-linux-gnu/libm-2.22.so
7f675999d000-7f675a65d000 r-xp 00000000 08:05 3020208                    /usr/lib/jvm/java-8-oracle/jre/lib/amd64/server/libjvm.so
7f675a65d000-7f675a85d000 ---p 00cc0000 08:05 3020208                    /usr/lib/jvm/java-8-oracle/jre/lib/amd64/server/libjvm.so
7f675a85d000-7f675a935000 rw-p 00cc0000 08:05 3020208                    /usr/lib/jvm/java-8-oracle/jre/lib/amd64/server/libjvm.so
7f675a935000-7f675a980000 rw-p 00000000 00:00 0 
7f675a980000-7f675ab1a000 r-xp 00000000 08:05 2748548                    /lib/x86_64-linux-gnu/libc-2.22.so
7f675ab1a000-7f675ad1a000 ---p 0019a000 08:05 2748548                    /lib/x86_64-linux-gnu/libc-2.22.so
7f675ad1a000-7f675ad1e000 r--p 0019a000 08:05 2748548                    /lib/x86_64-linux-gnu/libc-2.22.so
7f675ad1e000-7f675ad20000 rw-p 0019e000 08:05 2748548                    /lib/x86_64-linux-gnu/libc-2.22.so
7f675ad20000-7f675ad24000 rw-p 00000000 00:00 0 
7f675ad24000-7f675ad26000 r-xp 00000000 08:05 2748549                    /lib/x86_64-linux-gnu/libdl-2.22.so
7f675ad26000-7f675af26000 ---p 00002000 08:05 2748549                    /lib/x86_64-linux-gnu/libdl-2.22.so
7f675af26000-7f675af27000 r--p 00002000 08:05 2748549                    /lib/x86_64-linux-gnu/libdl-2.22.so
7f675af27000-7f675af28000 rw-p 00003000 08:05 2748549                    /lib/x86_64-linux-gnu/libdl-2.22.so
7f675af28000-7f675af3d000 r-xp 00000000 08:05 3019124                    /usr/lib/jvm/java-8-oracle/lib/amd64/jli/libjli.so
7f675af3d000-7f675b13d000 ---p 00015000 08:05 3019124                    /usr/lib/jvm/java-8-oracle/lib/amd64/jli/libjli.so
7f675b13d000-7f675b13e000 rw-p 00015000 08:05 3019124                    /usr/lib/jvm/java-8-oracle/lib/amd64/jli/libjli.so
7f675b13e000-7f675b156000 r-xp 00000000 08:05 2748552                    /lib/x86_64-linux-gnu/libpthread-2.22.so
7f675b156000-7f675b355000 ---p 00018000 08:05 2748552                    /lib/x86_64-linux-gnu/libpthread-2.22.so
7f675b355000-7f675b356000 r--p 00017000 08:05 2748552                    /lib/x86_64-linux-gnu/libpthread-2.22.so
7f675b356000-7f675b357000 rw-p 00018000 08:05 2748552                    /lib/x86_64-linux-gnu/libpthread-2.22.so
7f675b357000-7f675b35b000 rw-p 00000000 00:00 0 
7f675b35b000-7f675b37d000 r-xp 00000000 08:05 2748553                    /lib/x86_64-linux-gnu/ld-2.22.so
7f675b37d000-7f675b37f000 r--s 00000000 08:05 1179536                    /home/cheng/App/android-studio/gradle/gradle-2.10/lib/jul-to-slf4j-1.7.10.jar
7f675b37f000-7f675b380000 r--s 00000000 08:05 1179403                    /home/cheng/App/android-studio/gradle/gradle-2.10/lib/jcip-annotations-1.0.jar
7f675b380000-7f675b385000 r--s 00041000 08:05 1179391                    /home/cheng/App/android-studio/gradle/gradle-2.10/lib/commons-lang-2.6.jar
7f675b385000-7f675b451000 rw-p 00000000 00:00 0 
7f675b451000-7f675b454000 ---p 00000000 00:00 0 
7f675b454000-7f675b556000 rw-p 00000000 00:00 0                          [stack:25776]
7f675b556000-7f675b557000 r--s 00007000 08:05 1179385                    /home/cheng/App/android-studio/gradle/gradle-2.10/lib/slf4j-api-1.7.10.jar
7f675b557000-7f675b558000 r--s 00004000 08:05 1179400                    /home/cheng/App/android-studio/gradle/gradle-2.10/lib/ant-launcher-1.9.3.jar
7f675b558000-7f675b55f000 r--s 00034000 08:05 1179543                    /home/cheng/App/android-studio/gradle/gradle-2.10/lib/gradle-base-services-2.10.jar
7f675b55f000-7f675b560000 r--p 00000000 08:05 1444280                    /usr/lib/locale/es_SV.utf8/LC_NUMERIC
7f675b560000-7f675b561000 r--p 00000000 08:05 1454966                    /usr/lib/locale/en_US.utf8/LC_TIME
7f675b561000-7f675b562000 r--p 00000000 08:05 1454968                    /usr/lib/locale/en_US.utf8/LC_MONETARY
7f675b562000-7f675b563000 r--p 00000000 08:05 1454310                    /usr/lib/locale/ug_CN/LC_MESSAGES/SYS_LC_MESSAGES
7f675b563000-7f675b564000 r--p 00000000 08:05 1444278                    /usr/lib/locale/es_SV.utf8/LC_PAPER
7f675b564000-7f675b565000 r--p 00000000 08:05 1444571                    /usr/lib/locale/en_ZM/LC_NAME
7f675b565000-7f675b566000 r--p 00000000 08:05 1454967                    /usr/lib/locale/en_US.utf8/LC_ADDRESS
7f675b566000-7f675b567000 r--p 00000000 08:05 1454878                    /usr/lib/locale/tl_PH.utf8/LC_TELEPHONE
7f675b567000-7f675b568000 r--p 00000000 08:05 1453915                    /usr/lib/locale/es_PR.utf8/LC_MEASUREMENT
7f675b568000-7f675b56f000 r--s 00000000 08:05 1453459                    /usr/lib/x86_64-linux-gnu/gconv/gconv-modules.cache
7f675b56f000-7f675b570000 r--p 00000000 08:05 1454965                    /usr/lib/locale/en_US.utf8/LC_IDENTIFICATION
7f675b570000-7f675b578000 rw-s 00000000 08:05 1064177                    /tmp/hsperfdata_cheng/25773
7f675b578000-7f675b579000 rw-p 00000000 00:00 0 
7f675b579000-7f675b57a000 ---p 00000000 00:00 0 
7f675b57a000-7f675b57c000 rw-p 00000000 00:00 0 
7f675b57c000-7f675b57d000 r--p 00021000 08:05 2748553                    /lib/x86_64-linux-gnu/ld-2.22.so
7f675b57d000-7f675b57e000 rw-p 00022000 08:05 2748553                    /lib/x86_64-linux-gnu/ld-2.22.so
7f675b57e000-7f675b57f000 rw-p 00000000 00:00 0 
7ffc9d443000-7ffc9d464000 rw-p 00000000 00:00 0                          [stack]
7ffc9d523000-7ffc9d525000 r--p 00000000 00:00 0                          [vvar]
7ffc9d525000-7ffc9d527000 r-xp 00000000 00:00 0                          [vdso]
ffffffffff600000-ffffffffff601000 r-xp 00000000 00:00 0                  [vsyscall]

VM Arguments:
jvm_args: -XX:MaxPermSize=512m -XX:+HeapDumpOnOutOfMemoryError -Xmx2048m -Dfile.encoding=UTF-8 -Duser.country=US -Duser.language=en -Duser.variant 
java_command: org.gradle.launcher.daemon.bootstrap.GradleDaemon 2.10
java_class_path (initial): /home/cheng/App/android-studio/gradle/gradle-2.10/lib/gradle-launcher-2.10.jar
Launcher Type: SUN_STANDARD

Environment Variables:
JAVA_HOME=/usr/lib/jvm/java-8-oracle
PATH=/usr/local/bin:/usr/bin:/bin:/usr/local/games:/usr/games:/usr/lib/jvm/java-8-oracle/bin:/usr/lib/jvm/java-8-oracle/db/bin:/usr/lib/jvm/java-8-oracle/jre/bin
USERNAME=cheng
LD_LIBRARY_PATH=/home/cheng/App/android-studio/bin:
SHELL=/bin/bash
DISPLAY=:0

Signal Handlers:
SIGSEGV: [libjvm.so+0xabca10], sa_mask[0]=11111111011111111101111111111110, sa_flags=SA_RESTART|SA_SIGINFO
SIGBUS: [libjvm.so+0xabca10], sa_mask[0]=11111111011111111101111111111110, sa_flags=SA_RESTART|SA_SIGINFO
SIGFPE: [libjvm.so+0x919a20], sa_mask[0]=11111111011111111101111111111110, sa_flags=SA_RESTART|SA_SIGINFO
SIGPIPE: [libjvm.so+0x919a20], sa_mask[0]=11111111011111111101111111111110, sa_flags=SA_RESTART|SA_SIGINFO
SIGXFSZ: [libjvm.so+0x919a20], sa_mask[0]=11111111011111111101111111111110, sa_flags=SA_RESTART|SA_SIGINFO
SIGILL: [libjvm.so+0x919a20], sa_mask[0]=11111111011111111101111111111110, sa_flags=SA_RESTART|SA_SIGINFO
SIGUSR1: SIG_DFL, sa_mask[0]=00000000000000000000000000000000, sa_flags=none
SIGUSR2: [libjvm.so+0x91b050], sa_mask[0]=00100000000000000000000000000000, sa_flags=SA_RESTART|SA_SIGINFO
SIGHUP: [libjvm.so+0x91c450], sa_mask[0]=11111111011111111101111111111110, sa_flags=SA_RESTART|SA_SIGINFO
SIGINT: [libjvm.so+0x91c450], sa_mask[0]=11111111011111111101111111111110, sa_flags=SA_RESTART|SA_SIGINFO
SIGTERM: [libjvm.so+0x91c450], sa_mask[0]=11111111011111111101111111111110, sa_flags=SA_RESTART|SA_SIGINFO
SIGQUIT: [libjvm.so+0x91c450], sa_mask[0]=11111111011111111101111111111110, sa_flags=SA_RESTART|SA_SIGINFO


---------------  S Y S T E M  ---------------

OS:DISTRIB_ID=Kali
DISTRIB_RELEASE=kali-rolling
DISTRIB_CODENAME=kali-rolling
DISTRIB_DESCRIPTION="Kali GNU/Linux Rolling"

uname:Linux 4.4.0-kali1-amd64 #1 SMP Debian 4.4.6-1kali1 (2016-03-18) x86_64
libc:glibc 2.22 NPTL 2.22 
rlimit: STACK 8192k, CORE 0k, NPROC 19294, NOFILE 4096, AS infinity
load average:5.08 2.14 2.81

/proc/meminfo:
MemTotal:        4966532 kB
MemFree:           23736 kB
MemAvailable:     178804 kB
Buffers:            2252 kB
Cached:           446348 kB
SwapCached:            0 kB
Active:          4415780 kB
Inactive:         362240 kB
Active(anon):    4341124 kB
Inactive(anon):   286872 kB
Active(file):      74656 kB
Inactive(file):    75368 kB
Unevictable:           0 kB
Mlocked:               0 kB
SwapTotal:             0 kB
SwapFree:              0 kB
Dirty:              9812 kB
Writeback:             0 kB
AnonPages:       4329240 kB
Mapped:           154156 kB
Shmem:            298628 kB
Slab:              77760 kB
SReclaimable:      38200 kB
SUnreclaim:        39560 kB
KernelStack:        9536 kB
PageTables:        34816 kB
NFS_Unstable:          0 kB
Bounce:                0 kB
WritebackTmp:          0 kB
CommitLimit:     2483264 kB
Committed_AS:    7557408 kB
VmallocTotal:   34359738367 kB
VmallocUsed:           0 kB
VmallocChunk:          0 kB
HardwareCorrupted:     0 kB
AnonHugePages:         0 kB
HugePages_Total:       0
HugePages_Free:        0
HugePages_Rsvd:        0
HugePages_Surp:        0
Hugepagesize:       2048 kB
DirectMap4k:      127056 kB
DirectMap2M:     4999168 kB


CPU:total 4 (2 cores per cpu, 2 threads per core) family 6 model 58 stepping 9, cmov, cx8, fxsr, mmx, sse, sse2, sse3, ssse3, sse4.1, sse4.2, popcnt, avx, aes, clmul, erms, ht, tsc, tscinvbit, tscinv

/proc/cpuinfo:
processor	: 0
vendor_id	: GenuineIntel
cpu family	: 6
model		: 58
model name	: Intel(R) Core(TM) i5-3337U CPU @ 1.80GHz
stepping	: 9
microcode	: 0x1c
cpu MHz		: 1960.664
cache size	: 3072 KB
physical id	: 0
siblings	: 4
core id		: 0
cpu cores	: 2
apicid		: 0
initial apicid	: 0
fpu		: yes
fpu_exception	: yes
cpuid level	: 13
wp		: yes
flags		: fpu vme de pse tsc msr pae mce cx8 apic sep mtrr pge mca cmov pat pse36 clflush dts acpi mmx fxsr sse sse2 ss ht tm pbe syscall nx rdtscp lm constant_tsc arch_perfmon pebs bts rep_good nopl xtopology nonstop_tsc aperfmperf eagerfpu pni pclmulqdq dtes64 monitor ds_cpl vmx est tm2 ssse3 cx16 xtpr pdcm pcid sse4_1 sse4_2 x2apic popcnt tsc_deadline_timer aes xsave avx f16c rdrand lahf_lm ida arat epb pln pts dtherm tpr_shadow vnmi flexpriority ept vpid fsgsbase smep erms xsaveopt
bugs		:
bogomips	: 3592.02
clflush size	: 64
cache_alignment	: 64
address sizes	: 36 bits physical, 48 bits virtual
power management:

processor	: 1
vendor_id	: GenuineIntel
cpu family	: 6
model		: 58
model name	: Intel(R) Core(TM) i5-3337U CPU @ 1.80GHz
stepping	: 9
microcode	: 0x1c
cpu MHz		: 1322.437
cache size	: 3072 KB
physical id	: 0
siblings	: 4
core id		: 1
cpu cores	: 2
apicid		: 2
initial apicid	: 2
fpu		: yes
fpu_exception	: yes
cpuid level	: 13
wp		: yes
flags		: fpu vme de pse tsc msr pae mce cx8 apic sep mtrr pge mca cmov pat pse36 clflush dts acpi mmx fxsr sse sse2 ss ht tm pbe syscall nx rdtscp lm constant_tsc arch_perfmon pebs bts rep_good nopl xtopology nonstop_tsc aperfmperf eagerfpu pni pclmulqdq dtes64 monitor ds_cpl vmx est tm2 ssse3 cx16 xtpr pdcm pcid sse4_1 sse4_2 x2apic popcnt tsc_deadline_timer aes xsave avx f16c rdrand lahf_lm ida arat epb pln pts dtherm tpr_shadow vnmi flexpriority ept vpid fsgsbase smep erms xsaveopt
bugs		:
bogomips	: 3592.02
clflush size	: 64
cache_alignment	: 64
address sizes	: 36 bits physical, 48 bits virtual
power management:

processor	: 2
vendor_id	: GenuineIntel
cpu family	: 6
model		: 58
model name	: Intel(R) Core(TM) i5-3337U CPU @ 1.80GHz
stepping	: 9
microcode	: 0x1c
cpu MHz		: 2493.492
cache size	: 3072 KB
physical id	: 0
siblings	: 4
core id		: 0
cpu cores	: 2
apicid		: 1
initial apicid	: 1
fpu		: yes
fpu_exception	: yes
cpuid level	: 13
wp		: yes
flags		: fpu vme de pse tsc msr pae mce cx8 apic sep mtrr pge mca cmov pat pse36 clflush dts acpi mmx fxsr sse sse2 ss ht tm pbe syscall nx rdtscp lm constant_tsc arch_perfmon pebs bts rep_good nopl xtopology nonstop_tsc aperfmperf eagerfpu pni pclmulqdq dtes64 monitor ds_cpl vmx est tm2 ssse3 cx16 xtpr pdcm pcid sse4_1 sse4_2 x2apic popcnt tsc_deadline_timer aes xsave avx f16c rdrand lahf_lm ida arat epb pln pts dtherm tpr_shadow vnmi flexpriority ept vpid fsgsbase smep erms xsaveopt
bugs		:
bogomips	: 3592.02
clflush size	: 64
cache_alignment	: 64
address sizes	: 36 bits physical, 48 bits virtual
power management:

processor	: 3
vendor_id	: GenuineIntel
cpu family	: 6
model		: 58
model name	: Intel(R) Core(TM) i5-3337U CPU @ 1.80GHz
stepping	: 9
microcode	: 0x1c
cpu MHz		: 1089.703
cache size	: 3072 KB
physical id	: 0
siblings	: 4
core id		: 1
cpu cores	: 2
apicid		: 3
initial apicid	: 3
fpu		: yes
fpu_exception	: yes
cpuid level	: 13
wp		: yes
flags		: fpu vme de pse tsc msr pae mce cx8 apic sep mtrr pge mca cmov pat pse36 clflush dts acpi mmx fxsr sse sse2 ss ht tm pbe syscall nx rdtscp lm constant_tsc arch_perfmon pebs bts rep_good nopl xtopology nonstop_tsc aperfmperf eagerfpu pni pclmulqdq dtes64 monitor ds_cpl vmx est tm2 ssse3 cx16 xtpr pdcm pcid sse4_1 sse4_2 x2apic popcnt tsc_deadline_timer aes xsave avx f16c rdrand lahf_lm ida arat epb pln pts dtherm tpr_shadow vnmi flexpriority ept vpid fsgsbase smep erms xsaveopt
bugs		:
bogomips	: 3592.02
clflush size	: 64
cache_alignment	: 64
address sizes	: 36 bits physical, 48 bits virtual
power management:



Memory: 4k page, physical 4966532k(23736k free), swap 0k(0k free)

vm_info: Java HotSpot(TM) 64-Bit Server VM (25.91-b14) for linux-amd64 JRE (1.8.0_91-b14), built on Apr  1 2016 00:57:21 by "java_re" with gcc 4.3.0 20080428 (Red Hat 4.3.0-8)

time: Sat Jul 23 22:45:40 2016
elapsed time: 67 seconds (0d 0h 1m 7s)

